{"/home/mamorais/projects/career-tracker-api/src/app.ts": {"path":"/home/mamorais/projects/career-tracker-api/src/app.ts","statementMap":{"0":{"start":{"line":13,"column":13},"end":{"line":13,"column":null}},"1":{"start":{"line":15,"column":0},"end":{"line":15,"column":null}},"2":{"start":{"line":17,"column":0},"end":{"line":17,"column":null}},"3":{"start":{"line":17,"column":51},"end":{"line":17,"column":106}},"4":{"start":{"line":19,"column":0},"end":{"line":19,"column":null}},"5":{"start":{"line":44,"column":0},"end":{"line":46,"column":null}},"6":{"start":{"line":45,"column":2},"end":{"line":45,"column":null}},"7":{"start":{"line":48,"column":0},"end":{"line":53,"column":null}},"8":{"start":{"line":49,"column":21},"end":{"line":49,"column":null}},"9":{"start":{"line":51,"column":2},"end":{"line":52,"column":null}},"10":{"start":{"line":55,"column":0},"end":{"line":55,"column":null}},"11":{"start":{"line":56,"column":0},"end":{"line":56,"column":null}},"12":{"start":{"line":57,"column":0},"end":{"line":57,"column":null}},"13":{"start":{"line":58,"column":0},"end":{"line":58,"column":null}},"14":{"start":{"line":59,"column":0},"end":{"line":59,"column":null}},"15":{"start":{"line":60,"column":0},"end":{"line":60,"column":null}},"16":{"start":{"line":62,"column":0},"end":{"line":62,"column":null}}},"fnMap":{"0":{"name":"(anonymous_0)","decl":{"start":{"line":17,"column":8},"end":{"line":17,"column":26}},"loc":{"start":{"line":17,"column":49},"end":{"line":17,"column":107}},"line":17},"1":{"name":"(anonymous_1)","decl":{"start":{"line":44,"column":8},"end":{"line":44,"column":20}},"loc":{"start":{"line":44,"column":43},"end":{"line":46,"column":1}},"line":44},"2":{"name":"(anonymous_2)","decl":{"start":{"line":48,"column":22},"end":{"line":48,"column":29}},"loc":{"start":{"line":48,"column":52},"end":{"line":53,"column":1}},"line":48}},"branchMap":{},"s":{"0":4,"1":4,"2":4,"3":0,"4":4,"5":4,"6":0,"7":4,"8":0,"9":0,"10":4,"11":4,"12":4,"13":4,"14":4,"15":4,"16":4},"f":{"0":0,"1":0,"2":0},"b":{},"meta":{"lastBranch":0,"lastFunction":3,"lastStatement":17,"seen":{"s:13:13:13:Infinity":0,"s:15:0:15:Infinity":1,"s:17:0:17:Infinity":2,"f:17:8:17:26":0,"s:17:51:17:106":3,"s:19:0:19:Infinity":4,"s:44:0:46:Infinity":5,"f:44:8:44:20":1,"s:45:2:45:Infinity":6,"s:48:0:53:Infinity":7,"f:48:22:48:29":2,"s:49:21:49:Infinity":8,"s:51:2:52:Infinity":9,"s:55:0:55:Infinity":10,"s:56:0:56:Infinity":11,"s:57:0:57:Infinity":12,"s:58:0:58:Infinity":13,"s:59:0:59:Infinity":14,"s:60:0:60:Infinity":15,"s:62:0:62:Infinity":16},"fnNames":{}}}
,"/home/mamorais/projects/career-tracker-api/src/controllers/application.controller.ts": {"path":"/home/mamorais/projects/career-tracker-api/src/controllers/application.controller.ts","statementMap":{"0":{"start":{"line":7,"column":27},"end":{"line":7,"column":null}},"1":{"start":{"line":18,"column":31},"end":{"line":18,"column":null}},"2":{"start":{"line":19,"column":17},"end":{"line":19,"column":null}},"3":{"start":{"line":21,"column":2},"end":{"line":23,"column":null}},"4":{"start":{"line":22,"column":4},"end":{"line":22,"column":null}},"5":{"start":{"line":25,"column":2},"end":{"line":25,"column":null}},"6":{"start":{"line":31,"column":4},"end":{"line":47,"column":null}},"7":{"start":{"line":32,"column":21},"end":{"line":32,"column":null}},"8":{"start":{"line":34,"column":26},"end":{"line":38,"column":null}},"9":{"start":{"line":40,"column":6},"end":{"line":44,"column":null}},"10":{"start":{"line":46,"column":6},"end":{"line":46,"column":null}},"11":{"start":{"line":51,"column":4},"end":{"line":61,"column":null}},"12":{"start":{"line":52,"column":21},"end":{"line":52,"column":null}},"13":{"start":{"line":54,"column":17},"end":{"line":54,"column":null}},"14":{"start":{"line":56,"column":21},"end":{"line":56,"column":null}},"15":{"start":{"line":58,"column":6},"end":{"line":58,"column":null}},"16":{"start":{"line":60,"column":6},"end":{"line":60,"column":null}},"17":{"start":{"line":69,"column":4},"end":{"line":83,"column":null}},"18":{"start":{"line":70,"column":21},"end":{"line":70,"column":null}},"19":{"start":{"line":72,"column":26},"end":{"line":75,"column":null}},"20":{"start":{"line":77,"column":6},"end":{"line":80,"column":null}},"21":{"start":{"line":82,"column":6},"end":{"line":82,"column":null}},"22":{"start":{"line":91,"column":4},"end":{"line":107,"column":null}},"23":{"start":{"line":92,"column":21},"end":{"line":92,"column":null}},"24":{"start":{"line":94,"column":26},"end":{"line":98,"column":null}},"25":{"start":{"line":100,"column":6},"end":{"line":104,"column":null}},"26":{"start":{"line":106,"column":6},"end":{"line":106,"column":null}},"27":{"start":{"line":115,"column":4},"end":{"line":129,"column":null}},"28":{"start":{"line":116,"column":21},"end":{"line":116,"column":null}},"29":{"start":{"line":118,"column":6},"end":{"line":121,"column":null}},"30":{"start":{"line":123,"column":6},"end":{"line":126,"column":null}},"31":{"start":{"line":128,"column":6},"end":{"line":128,"column":null}}},"fnMap":{"0":{"name":"getAuthenticatedUserId","decl":{"start":{"line":17,"column":9},"end":{"line":17,"column":32}},"loc":{"start":{"line":17,"column":58},"end":{"line":26,"column":null}},"line":17},"1":{"name":"create","decl":{"start":{"line":29,"column":8},"end":{"line":29,"column":15}},"loc":{"start":{"line":30,"column":44},"end":{"line":48,"column":null}},"line":30},"2":{"name":"list","decl":{"start":{"line":50,"column":8},"end":{"line":50,"column":13}},"loc":{"start":{"line":50,"column":72},"end":{"line":62,"column":null}},"line":50},"3":{"name":"findOne","decl":{"start":{"line":64,"column":8},"end":{"line":64,"column":null}},"loc":{"start":{"line":68,"column":4},"end":{"line":84,"column":null}},"line":68},"4":{"name":"update","decl":{"start":{"line":86,"column":8},"end":{"line":86,"column":null}},"loc":{"start":{"line":90,"column":4},"end":{"line":108,"column":null}},"line":90},"5":{"name":"delete","decl":{"start":{"line":110,"column":8},"end":{"line":110,"column":null}},"loc":{"start":{"line":114,"column":4},"end":{"line":130,"column":null}},"line":114}},"branchMap":{"0":{"loc":{"start":{"line":21,"column":2},"end":{"line":23,"column":null}},"type":"if","locations":[{"start":{"line":21,"column":2},"end":{"line":23,"column":null}},{"start":{},"end":{}}],"line":21}},"s":{"0":4,"1":7,"2":7,"3":7,"4":0,"5":7,"6":4,"7":4,"8":4,"9":3,"10":1,"11":1,"12":1,"13":1,"14":1,"15":1,"16":0,"17":0,"18":0,"19":0,"20":0,"21":0,"22":1,"23":1,"24":1,"25":1,"26":0,"27":1,"28":1,"29":1,"30":1,"31":0},"f":{"0":7,"1":4,"2":1,"3":0,"4":1,"5":1},"b":{"0":[0,7]},"meta":{"lastBranch":1,"lastFunction":6,"lastStatement":32,"seen":{"s:7:27:7:Infinity":0,"f:17:9:17:32":0,"s:18:31:18:Infinity":1,"s:19:17:19:Infinity":2,"b:21:2:23:Infinity:undefined:undefined:undefined:undefined":0,"s:21:2:23:Infinity":3,"s:22:4:22:Infinity":4,"s:25:2:25:Infinity":5,"f:29:8:29:15":1,"s:31:4:47:Infinity":6,"s:32:21:32:Infinity":7,"s:34:26:38:Infinity":8,"s:40:6:44:Infinity":9,"s:46:6:46:Infinity":10,"f:50:8:50:13":2,"s:51:4:61:Infinity":11,"s:52:21:52:Infinity":12,"s:54:17:54:Infinity":13,"s:56:21:56:Infinity":14,"s:58:6:58:Infinity":15,"s:60:6:60:Infinity":16,"f:64:8:64:Infinity":3,"s:69:4:83:Infinity":17,"s:70:21:70:Infinity":18,"s:72:26:75:Infinity":19,"s:77:6:80:Infinity":20,"s:82:6:82:Infinity":21,"f:86:8:86:Infinity":4,"s:91:4:107:Infinity":22,"s:92:21:92:Infinity":23,"s:94:26:98:Infinity":24,"s:100:6:104:Infinity":25,"s:106:6:106:Infinity":26,"f:110:8:110:Infinity":5,"s:115:4:129:Infinity":27,"s:116:21:116:Infinity":28,"s:118:6:121:Infinity":29,"s:123:6:126:Infinity":30,"s:128:6:128:Infinity":31},"fnNames":{}}}
,"/home/mamorais/projects/career-tracker-api/src/controllers/auth.controller.ts": {"path":"/home/mamorais/projects/career-tracker-api/src/controllers/auth.controller.ts","statementMap":{"0":{"start":{"line":4,"column":20},"end":{"line":4,"column":null}},"1":{"start":{"line":8,"column":4},"end":{"line":18,"column":null}},"2":{"start":{"line":9,"column":19},"end":{"line":9,"column":null}},"3":{"start":{"line":11,"column":6},"end":{"line":15,"column":null}},"4":{"start":{"line":17,"column":6},"end":{"line":17,"column":null}},"5":{"start":{"line":22,"column":4},"end":{"line":33,"column":null}},"6":{"start":{"line":23,"column":21},"end":{"line":23,"column":null}},"7":{"start":{"line":25,"column":6},"end":{"line":30,"column":null}},"8":{"start":{"line":32,"column":6},"end":{"line":32,"column":null}}},"fnMap":{"0":{"name":"register","decl":{"start":{"line":7,"column":8},"end":{"line":7,"column":17}},"loc":{"start":{"line":7,"column":75},"end":{"line":19,"column":null}},"line":7},"1":{"name":"login","decl":{"start":{"line":21,"column":8},"end":{"line":21,"column":14}},"loc":{"start":{"line":21,"column":72},"end":{"line":34,"column":null}},"line":21}},"branchMap":{},"s":{"0":4,"1":17,"2":17,"3":16,"4":1,"5":14,"6":14,"7":13,"8":1},"f":{"0":17,"1":14},"b":{},"meta":{"lastBranch":0,"lastFunction":2,"lastStatement":9,"seen":{"s:4:20:4:Infinity":0,"f:7:8:7:17":0,"s:8:4:18:Infinity":1,"s:9:19:9:Infinity":2,"s:11:6:15:Infinity":3,"s:17:6:17:Infinity":4,"f:21:8:21:14":1,"s:22:4:33:Infinity":5,"s:23:21:23:Infinity":6,"s:25:6:30:Infinity":7,"s:32:6:32:Infinity":8},"fnNames":{}}}
,"/home/mamorais/projects/career-tracker-api/src/controllers/course-module.controller.ts": {"path":"/home/mamorais/projects/career-tracker-api/src/controllers/course-module.controller.ts","statementMap":{"0":{"start":{"line":6,"column":28},"end":{"line":6,"column":null}},"1":{"start":{"line":12,"column":31},"end":{"line":12,"column":null}},"2":{"start":{"line":13,"column":17},"end":{"line":13,"column":null}},"3":{"start":{"line":14,"column":2},"end":{"line":16,"column":null}},"4":{"start":{"line":15,"column":4},"end":{"line":15,"column":null}},"5":{"start":{"line":17,"column":2},"end":{"line":17,"column":null}},"6":{"start":{"line":23,"column":4},"end":{"line":39,"column":null}},"7":{"start":{"line":24,"column":21},"end":{"line":24,"column":null}},"8":{"start":{"line":25,"column":27},"end":{"line":25,"column":null}},"9":{"start":{"line":27,"column":21},"end":{"line":31,"column":null}},"10":{"start":{"line":32,"column":6},"end":{"line":36,"column":null}},"11":{"start":{"line":38,"column":6},"end":{"line":38,"column":null}},"12":{"start":{"line":44,"column":4},"end":{"line":54,"column":null}},"13":{"start":{"line":45,"column":21},"end":{"line":45,"column":null}},"14":{"start":{"line":46,"column":27},"end":{"line":46,"column":null}},"15":{"start":{"line":47,"column":22},"end":{"line":47,"column":null}},"16":{"start":{"line":48,"column":6},"end":{"line":51,"column":null}},"17":{"start":{"line":53,"column":6},"end":{"line":53,"column":null}},"18":{"start":{"line":59,"column":2},"end":{"line":71,"column":null}},"19":{"start":{"line":60,"column":19},"end":{"line":60,"column":null}},"20":{"start":{"line":61,"column":19},"end":{"line":64,"column":null}},"21":{"start":{"line":65,"column":4},"end":{"line":68,"column":null}},"22":{"start":{"line":70,"column":4},"end":{"line":70,"column":null}},"23":{"start":{"line":76,"column":2},"end":{"line":92,"column":null}},"24":{"start":{"line":77,"column":19},"end":{"line":77,"column":null}},"25":{"start":{"line":79,"column":19},"end":{"line":83,"column":null}},"26":{"start":{"line":85,"column":4},"end":{"line":89,"column":null}},"27":{"start":{"line":91,"column":4},"end":{"line":91,"column":null}},"28":{"start":{"line":97,"column":2},"end":{"line":106,"column":null}},"29":{"start":{"line":98,"column":19},"end":{"line":98,"column":null}},"30":{"start":{"line":99,"column":4},"end":{"line":99,"column":null}},"31":{"start":{"line":100,"column":4},"end":{"line":103,"column":null}},"32":{"start":{"line":105,"column":4},"end":{"line":105,"column":null}}},"fnMap":{"0":{"name":"getAuthenticatedUserId","decl":{"start":{"line":11,"column":9},"end":{"line":11,"column":32}},"loc":{"start":{"line":11,"column":50},"end":{"line":18,"column":null}},"line":11},"1":{"name":"create","decl":{"start":{"line":21,"column":8},"end":{"line":21,"column":15}},"loc":{"start":{"line":22,"column":45},"end":{"line":40,"column":null}},"line":22},"2":{"name":"list","decl":{"start":{"line":42,"column":8},"end":{"line":42,"column":13}},"loc":{"start":{"line":43,"column":45},"end":{"line":55,"column":null}},"line":43},"3":{"name":"findOne","decl":{"start":{"line":57,"column":7},"end":{"line":57,"column":15}},"loc":{"start":{"line":58,"column":42},"end":{"line":72,"column":null}},"line":58},"4":{"name":"update","decl":{"start":{"line":74,"column":7},"end":{"line":74,"column":14}},"loc":{"start":{"line":75,"column":42},"end":{"line":93,"column":null}},"line":75},"5":{"name":"delete","decl":{"start":{"line":95,"column":7},"end":{"line":95,"column":14}},"loc":{"start":{"line":96,"column":42},"end":{"line":107,"column":null}},"line":96}},"branchMap":{"0":{"loc":{"start":{"line":14,"column":2},"end":{"line":16,"column":null}},"type":"if","locations":[{"start":{"line":14,"column":2},"end":{"line":16,"column":null}},{"start":{},"end":{}}],"line":14}},"s":{"0":4,"1":5,"2":5,"3":5,"4":0,"5":5,"6":1,"7":1,"8":1,"9":1,"10":1,"11":0,"12":1,"13":1,"14":1,"15":1,"16":1,"17":0,"18":1,"19":1,"20":1,"21":0,"22":1,"23":1,"24":1,"25":1,"26":1,"27":0,"28":1,"29":1,"30":1,"31":1,"32":0},"f":{"0":5,"1":1,"2":1,"3":1,"4":1,"5":1},"b":{"0":[0,5]},"meta":{"lastBranch":1,"lastFunction":6,"lastStatement":33,"seen":{"s:6:28:6:Infinity":0,"f:11:9:11:32":0,"s:12:31:12:Infinity":1,"s:13:17:13:Infinity":2,"b:14:2:16:Infinity:undefined:undefined:undefined:undefined":0,"s:14:2:16:Infinity":3,"s:15:4:15:Infinity":4,"s:17:2:17:Infinity":5,"f:21:8:21:15":1,"s:23:4:39:Infinity":6,"s:24:21:24:Infinity":7,"s:25:27:25:Infinity":8,"s:27:21:31:Infinity":9,"s:32:6:36:Infinity":10,"s:38:6:38:Infinity":11,"f:42:8:42:13":2,"s:44:4:54:Infinity":12,"s:45:21:45:Infinity":13,"s:46:27:46:Infinity":14,"s:47:22:47:Infinity":15,"s:48:6:51:Infinity":16,"s:53:6:53:Infinity":17,"f:57:7:57:15":3,"s:59:2:71:Infinity":18,"s:60:19:60:Infinity":19,"s:61:19:64:Infinity":20,"s:65:4:68:Infinity":21,"s:70:4:70:Infinity":22,"f:74:7:74:14":4,"s:76:2:92:Infinity":23,"s:77:19:77:Infinity":24,"s:79:19:83:Infinity":25,"s:85:4:89:Infinity":26,"s:91:4:91:Infinity":27,"f:95:7:95:14":5,"s:97:2:106:Infinity":28,"s:98:19:98:Infinity":29,"s:99:4:99:Infinity":30,"s:100:4:103:Infinity":31,"s:105:4:105:Infinity":32},"fnNames":{}}}
,"/home/mamorais/projects/career-tracker-api/src/controllers/course.controller.ts": {"path":"/home/mamorais/projects/career-tracker-api/src/controllers/course.controller.ts","statementMap":{"0":{"start":{"line":7,"column":22},"end":{"line":7,"column":null}},"1":{"start":{"line":10,"column":31},"end":{"line":10,"column":null}},"2":{"start":{"line":11,"column":17},"end":{"line":11,"column":null}},"3":{"start":{"line":13,"column":2},"end":{"line":15,"column":null}},"4":{"start":{"line":14,"column":4},"end":{"line":14,"column":null}},"5":{"start":{"line":17,"column":2},"end":{"line":17,"column":null}},"6":{"start":{"line":21,"column":2},"end":{"line":23,"column":null}},"7":{"start":{"line":22,"column":4},"end":{"line":22,"column":null}},"8":{"start":{"line":25,"column":2},"end":{"line":25,"column":null}},"9":{"start":{"line":30,"column":4},"end":{"line":41,"column":null}},"10":{"start":{"line":31,"column":21},"end":{"line":31,"column":null}},"11":{"start":{"line":32,"column":21},"end":{"line":32,"column":null}},"12":{"start":{"line":34,"column":6},"end":{"line":38,"column":null}},"13":{"start":{"line":40,"column":6},"end":{"line":40,"column":null}},"14":{"start":{"line":45,"column":4},"end":{"line":53,"column":null}},"15":{"start":{"line":46,"column":21},"end":{"line":46,"column":null}},"16":{"start":{"line":47,"column":20},"end":{"line":47,"column":null}},"17":{"start":{"line":48,"column":21},"end":{"line":48,"column":null}},"18":{"start":{"line":50,"column":6},"end":{"line":50,"column":null}},"19":{"start":{"line":52,"column":6},"end":{"line":52,"column":null}},"20":{"start":{"line":57,"column":4},"end":{"line":69,"column":null}},"21":{"start":{"line":58,"column":21},"end":{"line":58,"column":null}},"22":{"start":{"line":59,"column":23},"end":{"line":59,"column":null}},"23":{"start":{"line":61,"column":21},"end":{"line":61,"column":null}},"24":{"start":{"line":63,"column":6},"end":{"line":66,"column":null}},"25":{"start":{"line":68,"column":6},"end":{"line":68,"column":null}},"26":{"start":{"line":73,"column":4},"end":{"line":90,"column":null}},"27":{"start":{"line":74,"column":21},"end":{"line":74,"column":null}},"28":{"start":{"line":75,"column":23},"end":{"line":75,"column":null}},"29":{"start":{"line":77,"column":21},"end":{"line":81,"column":null}},"30":{"start":{"line":83,"column":6},"end":{"line":87,"column":null}},"31":{"start":{"line":89,"column":6},"end":{"line":89,"column":null}},"32":{"start":{"line":94,"column":4},"end":{"line":106,"column":null}},"33":{"start":{"line":95,"column":21},"end":{"line":95,"column":null}},"34":{"start":{"line":96,"column":23},"end":{"line":96,"column":null}},"35":{"start":{"line":98,"column":21},"end":{"line":98,"column":null}},"36":{"start":{"line":100,"column":6},"end":{"line":103,"column":null}},"37":{"start":{"line":105,"column":6},"end":{"line":105,"column":null}}},"fnMap":{"0":{"name":"getAuthenticatedUserId","decl":{"start":{"line":9,"column":9},"end":{"line":9,"column":32}},"loc":{"start":{"line":9,"column":50},"end":{"line":18,"column":null}},"line":9},"1":{"name":"getRequiredParam","decl":{"start":{"line":20,"column":9},"end":{"line":20,"column":26}},"loc":{"start":{"line":20,"column":61},"end":{"line":26,"column":null}},"line":20},"2":{"name":"create","decl":{"start":{"line":29,"column":8},"end":{"line":29,"column":15}},"loc":{"start":{"line":29,"column":73},"end":{"line":42,"column":null}},"line":29},"3":{"name":"list","decl":{"start":{"line":44,"column":8},"end":{"line":44,"column":13}},"loc":{"start":{"line":44,"column":71},"end":{"line":54,"column":null}},"line":44},"4":{"name":"findOne","decl":{"start":{"line":56,"column":8},"end":{"line":56,"column":16}},"loc":{"start":{"line":56,"column":74},"end":{"line":70,"column":null}},"line":56},"5":{"name":"update","decl":{"start":{"line":72,"column":8},"end":{"line":72,"column":15}},"loc":{"start":{"line":72,"column":73},"end":{"line":91,"column":null}},"line":72},"6":{"name":"delete","decl":{"start":{"line":93,"column":8},"end":{"line":93,"column":15}},"loc":{"start":{"line":93,"column":73},"end":{"line":107,"column":null}},"line":93}},"branchMap":{"0":{"loc":{"start":{"line":13,"column":2},"end":{"line":15,"column":null}},"type":"if","locations":[{"start":{"line":13,"column":2},"end":{"line":15,"column":null}},{"start":{},"end":{}}],"line":13},"1":{"loc":{"start":{"line":21,"column":2},"end":{"line":23,"column":null}},"type":"if","locations":[{"start":{"line":21,"column":2},"end":{"line":23,"column":null}},{"start":{},"end":{}}],"line":21},"2":{"loc":{"start":{"line":21,"column":6},"end":{"line":21,"column":56}},"type":"binary-expr","locations":[{"start":{"line":21,"column":6},"end":{"line":21,"column":35}},{"start":{"line":21,"column":35},"end":{"line":21,"column":56}}],"line":21}},"s":{"0":4,"1":5,"2":5,"3":5,"4":0,"5":5,"6":1,"7":0,"8":1,"9":3,"10":3,"11":3,"12":3,"13":0,"14":1,"15":1,"16":1,"17":1,"18":1,"19":0,"20":1,"21":1,"22":1,"23":1,"24":0,"25":1,"26":0,"27":0,"28":0,"29":0,"30":0,"31":0,"32":0,"33":0,"34":0,"35":0,"36":0,"37":0},"f":{"0":5,"1":1,"2":3,"3":1,"4":1,"5":0,"6":0},"b":{"0":[0,5],"1":[0,1],"2":[1,1]},"meta":{"lastBranch":3,"lastFunction":7,"lastStatement":38,"seen":{"s:7:22:7:Infinity":0,"f:9:9:9:32":0,"s:10:31:10:Infinity":1,"s:11:17:11:Infinity":2,"b:13:2:15:Infinity:undefined:undefined:undefined:undefined":0,"s:13:2:15:Infinity":3,"s:14:4:14:Infinity":4,"s:17:2:17:Infinity":5,"f:20:9:20:26":1,"b:21:2:23:Infinity:undefined:undefined:undefined:undefined":1,"s:21:2:23:Infinity":6,"b:21:6:21:35:21:35:21:56":2,"s:22:4:22:Infinity":7,"s:25:2:25:Infinity":8,"f:29:8:29:15":2,"s:30:4:41:Infinity":9,"s:31:21:31:Infinity":10,"s:32:21:32:Infinity":11,"s:34:6:38:Infinity":12,"s:40:6:40:Infinity":13,"f:44:8:44:13":3,"s:45:4:53:Infinity":14,"s:46:21:46:Infinity":15,"s:47:20:47:Infinity":16,"s:48:21:48:Infinity":17,"s:50:6:50:Infinity":18,"s:52:6:52:Infinity":19,"f:56:8:56:16":4,"s:57:4:69:Infinity":20,"s:58:21:58:Infinity":21,"s:59:23:59:Infinity":22,"s:61:21:61:Infinity":23,"s:63:6:66:Infinity":24,"s:68:6:68:Infinity":25,"f:72:8:72:15":5,"s:73:4:90:Infinity":26,"s:74:21:74:Infinity":27,"s:75:23:75:Infinity":28,"s:77:21:81:Infinity":29,"s:83:6:87:Infinity":30,"s:89:6:89:Infinity":31,"f:93:8:93:15":6,"s:94:4:106:Infinity":32,"s:95:21:95:Infinity":33,"s:96:23:96:Infinity":34,"s:98:21:98:Infinity":35,"s:100:6:103:Infinity":36,"s:105:6:105:Infinity":37},"fnNames":{}}}
,"/home/mamorais/projects/career-tracker-api/src/controllers/job.controller.ts": {"path":"/home/mamorais/projects/career-tracker-api/src/controllers/job.controller.ts","statementMap":{"0":{"start":{"line":7,"column":19},"end":{"line":7,"column":null}},"1":{"start":{"line":14,"column":31},"end":{"line":14,"column":null}},"2":{"start":{"line":15,"column":17},"end":{"line":15,"column":null}},"3":{"start":{"line":17,"column":2},"end":{"line":19,"column":null}},"4":{"start":{"line":18,"column":4},"end":{"line":18,"column":null}},"5":{"start":{"line":21,"column":2},"end":{"line":21,"column":null}},"6":{"start":{"line":26,"column":4},"end":{"line":38,"column":null}},"7":{"start":{"line":27,"column":21},"end":{"line":27,"column":null}},"8":{"start":{"line":29,"column":18},"end":{"line":29,"column":null}},"9":{"start":{"line":31,"column":6},"end":{"line":35,"column":null}},"10":{"start":{"line":37,"column":6},"end":{"line":37,"column":null}},"11":{"start":{"line":42,"column":4},"end":{"line":52,"column":null}},"12":{"start":{"line":43,"column":21},"end":{"line":43,"column":null}},"13":{"start":{"line":45,"column":20},"end":{"line":45,"column":null}},"14":{"start":{"line":47,"column":21},"end":{"line":47,"column":null}},"15":{"start":{"line":49,"column":6},"end":{"line":49,"column":null}},"16":{"start":{"line":51,"column":6},"end":{"line":51,"column":null}},"17":{"start":{"line":56,"column":4},"end":{"line":67,"column":null}},"18":{"start":{"line":57,"column":21},"end":{"line":57,"column":null}},"19":{"start":{"line":59,"column":18},"end":{"line":59,"column":null}},"20":{"start":{"line":61,"column":6},"end":{"line":64,"column":null}},"21":{"start":{"line":66,"column":6},"end":{"line":66,"column":null}},"22":{"start":{"line":71,"column":4},"end":{"line":83,"column":null}},"23":{"start":{"line":72,"column":21},"end":{"line":72,"column":null}},"24":{"start":{"line":74,"column":18},"end":{"line":74,"column":null}},"25":{"start":{"line":76,"column":6},"end":{"line":80,"column":null}},"26":{"start":{"line":82,"column":6},"end":{"line":82,"column":null}},"27":{"start":{"line":88,"column":4},"end":{"line":99,"column":null}},"28":{"start":{"line":89,"column":21},"end":{"line":89,"column":null}},"29":{"start":{"line":91,"column":6},"end":{"line":91,"column":null}},"30":{"start":{"line":93,"column":6},"end":{"line":96,"column":null}},"31":{"start":{"line":98,"column":6},"end":{"line":98,"column":null}}},"fnMap":{"0":{"name":"getAuthenticatedUserId","decl":{"start":{"line":13,"column":9},"end":{"line":13,"column":32}},"loc":{"start":{"line":13,"column":58},"end":{"line":22,"column":null}},"line":13},"1":{"name":"create","decl":{"start":{"line":25,"column":8},"end":{"line":25,"column":15}},"loc":{"start":{"line":25,"column":73},"end":{"line":39,"column":null}},"line":25},"2":{"name":"list","decl":{"start":{"line":41,"column":8},"end":{"line":41,"column":13}},"loc":{"start":{"line":41,"column":71},"end":{"line":53,"column":null}},"line":41},"3":{"name":"findOne","decl":{"start":{"line":55,"column":8},"end":{"line":55,"column":16}},"loc":{"start":{"line":55,"column":87},"end":{"line":68,"column":null}},"line":55},"4":{"name":"update","decl":{"start":{"line":70,"column":8},"end":{"line":70,"column":15}},"loc":{"start":{"line":70,"column":86},"end":{"line":84,"column":null}},"line":70},"5":{"name":"delete","decl":{"start":{"line":86,"column":8},"end":{"line":86,"column":15}},"loc":{"start":{"line":87,"column":45},"end":{"line":100,"column":null}},"line":87}},"branchMap":{"0":{"loc":{"start":{"line":17,"column":2},"end":{"line":19,"column":null}},"type":"if","locations":[{"start":{"line":17,"column":2},"end":{"line":19,"column":null}},{"start":{},"end":{}}],"line":17}},"s":{"0":4,"1":14,"2":14,"3":14,"4":0,"5":14,"6":7,"7":7,"8":7,"9":7,"10":0,"11":1,"12":1,"13":1,"14":1,"15":1,"16":0,"17":4,"18":4,"19":4,"20":2,"21":2,"22":1,"23":1,"24":1,"25":1,"26":0,"27":1,"28":1,"29":1,"30":1,"31":0},"f":{"0":14,"1":7,"2":1,"3":4,"4":1,"5":1},"b":{"0":[0,14]},"meta":{"lastBranch":1,"lastFunction":6,"lastStatement":32,"seen":{"s:7:19:7:Infinity":0,"f:13:9:13:32":0,"s:14:31:14:Infinity":1,"s:15:17:15:Infinity":2,"b:17:2:19:Infinity:undefined:undefined:undefined:undefined":0,"s:17:2:19:Infinity":3,"s:18:4:18:Infinity":4,"s:21:2:21:Infinity":5,"f:25:8:25:15":1,"s:26:4:38:Infinity":6,"s:27:21:27:Infinity":7,"s:29:18:29:Infinity":8,"s:31:6:35:Infinity":9,"s:37:6:37:Infinity":10,"f:41:8:41:13":2,"s:42:4:52:Infinity":11,"s:43:21:43:Infinity":12,"s:45:20:45:Infinity":13,"s:47:21:47:Infinity":14,"s:49:6:49:Infinity":15,"s:51:6:51:Infinity":16,"f:55:8:55:16":3,"s:56:4:67:Infinity":17,"s:57:21:57:Infinity":18,"s:59:18:59:Infinity":19,"s:61:6:64:Infinity":20,"s:66:6:66:Infinity":21,"f:70:8:70:15":4,"s:71:4:83:Infinity":22,"s:72:21:72:Infinity":23,"s:74:18:74:Infinity":24,"s:76:6:80:Infinity":25,"s:82:6:82:Infinity":26,"f:86:8:86:15":5,"s:88:4:99:Infinity":27,"s:89:21:89:Infinity":28,"s:91:6:91:Infinity":29,"s:93:6:96:Infinity":30,"s:98:6:98:Infinity":31},"fnNames":{}}}
,"/home/mamorais/projects/career-tracker-api/src/controllers/user.controller.ts": {"path":"/home/mamorais/projects/career-tracker-api/src/controllers/user.controller.ts","statementMap":{"0":{"start":{"line":6,"column":23},"end":{"line":6,"column":null}},"1":{"start":{"line":10,"column":4},"end":{"line":31,"column":null}},"2":{"start":{"line":11,"column":35},"end":{"line":11,"column":null}},"3":{"start":{"line":13,"column":21},"end":{"line":13,"column":null}},"4":{"start":{"line":15,"column":6},"end":{"line":17,"column":null}},"5":{"start":{"line":16,"column":8},"end":{"line":16,"column":null}},"6":{"start":{"line":19,"column":19},"end":{"line":19,"column":null}},"7":{"start":{"line":21,"column":6},"end":{"line":23,"column":null}},"8":{"start":{"line":22,"column":8},"end":{"line":22,"column":null}},"9":{"start":{"line":25,"column":6},"end":{"line":28,"column":null}},"10":{"start":{"line":30,"column":6},"end":{"line":30,"column":null}}},"fnMap":{"0":{"name":"me","decl":{"start":{"line":9,"column":8},"end":{"line":9,"column":11}},"loc":{"start":{"line":9,"column":69},"end":{"line":32,"column":null}},"line":9}},"branchMap":{"0":{"loc":{"start":{"line":15,"column":6},"end":{"line":17,"column":null}},"type":"if","locations":[{"start":{"line":15,"column":6},"end":{"line":17,"column":null}},{"start":{},"end":{}}],"line":15},"1":{"loc":{"start":{"line":21,"column":6},"end":{"line":23,"column":null}},"type":"if","locations":[{"start":{"line":21,"column":6},"end":{"line":23,"column":null}},{"start":{},"end":{}}],"line":21}},"s":{"0":4,"1":1,"2":1,"3":1,"4":1,"5":0,"6":1,"7":1,"8":0,"9":1,"10":0},"f":{"0":1},"b":{"0":[0,1],"1":[0,1]},"meta":{"lastBranch":2,"lastFunction":1,"lastStatement":11,"seen":{"s:6:23:6:Infinity":0,"f:9:8:9:11":0,"s:10:4:31:Infinity":1,"s:11:35:11:Infinity":2,"s:13:21:13:Infinity":3,"b:15:6:17:Infinity:undefined:undefined:undefined:undefined":0,"s:15:6:17:Infinity":4,"s:16:8:16:Infinity":5,"s:19:19:19:Infinity":6,"b:21:6:23:Infinity:undefined:undefined:undefined:undefined":1,"s:21:6:23:Infinity":7,"s:22:8:22:Infinity":8,"s:25:6:28:Infinity":9,"s:30:6:30:Infinity":10},"fnNames":{}}}
,"/home/mamorais/projects/career-tracker-api/src/docs/swagger.ts": {"path":"/home/mamorais/projects/career-tracker-api/src/docs/swagger.ts","statementMap":{"0":{"start":{"line":3,"column":23},"end":{"line":678,"column":null}},"1":{"start":{"line":680,"column":13},"end":{"line":680,"column":null}}},"fnMap":{},"branchMap":{},"s":{"0":4,"1":4},"f":{},"b":{},"meta":{"lastBranch":0,"lastFunction":0,"lastStatement":2,"seen":{"s:3:23:678:Infinity":0,"s:680:13:680:Infinity":1},"fnNames":{}}}
,"/home/mamorais/projects/career-tracker-api/src/errors/app-error.ts": {"path":"/home/mamorais/projects/career-tracker-api/src/errors/app-error.ts","statementMap":{"0":{"start":{"line":5,"column":4},"end":{"line":5,"column":null}},"1":{"start":{"line":6,"column":4},"end":{"line":6,"column":null}}},"fnMap":{"0":{"name":"constructor","decl":{"start":{"line":4,"column":2},"end":{"line":4,"column":14}},"loc":{"start":{"line":4,"column":49},"end":{"line":7,"column":null}},"line":4}},"branchMap":{"0":{"loc":{"start":{"line":4,"column":31},"end":{"line":4,"column":49}},"type":"default-arg","locations":[{"start":{"line":4,"column":44},"end":{"line":4,"column":49}}],"line":4}},"s":{"0":8,"1":8},"f":{"0":8},"b":{"0":[8]},"meta":{"lastBranch":1,"lastFunction":1,"lastStatement":2,"seen":{"f:4:2:4:14":0,"b:4:44:4:49":0,"s:5:4:5:Infinity":0,"s:6:4:6:Infinity":1},"fnNames":{}}}
,"/home/mamorais/projects/career-tracker-api/src/generated/prisma/client.ts": {"path":"/home/mamorais/projects/career-tracker-api/src/generated/prisma/client.ts","statementMap":{"0":{"start":{"line":16,"column":0},"end":{"line":16,"column":null}},"1":{"start":{"line":40,"column":28},"end":{"line":40,"column":null}}},"fnMap":{},"branchMap":{},"s":{"0":4,"1":4},"f":{},"b":{},"meta":{"lastBranch":0,"lastFunction":0,"lastStatement":2,"seen":{"s:16:0:16:Infinity":0,"s:40:28:40:Infinity":1},"fnNames":{}}}
,"/home/mamorais/projects/career-tracker-api/src/generated/prisma/enums.ts": {"path":"/home/mamorais/projects/career-tracker-api/src/generated/prisma/enums.ts","statementMap":{"0":{"start":{"line":12,"column":28},"end":{"line":17,"column":null}},"1":{"start":{"line":22,"column":34},"end":{"line":26,"column":null}},"2":{"start":{"line":31,"column":25},"end":{"line":37,"column":null}}},"fnMap":{},"branchMap":{},"s":{"0":4,"1":4,"2":4},"f":{},"b":{},"meta":{"lastBranch":0,"lastFunction":0,"lastStatement":3,"seen":{"s:12:28:17:Infinity":0,"s:22:34:26:Infinity":1,"s:31:25:37:Infinity":2},"fnNames":{}}}
,"/home/mamorais/projects/career-tracker-api/src/generated/prisma/internal/class.ts": {"path":"/home/mamorais/projects/career-tracker-api/src/generated/prisma/internal/class.ts","statementMap":{"0":{"start":{"line":18,"column":46},"end":{"line":33,"column":null}},"1":{"start":{"line":35,"column":0},"end":{"line":35,"column":null}},"2":{"start":{"line":36,"column":0},"end":{"line":39,"column":null}},"3":{"start":{"line":42,"column":21},"end":{"line":42,"column":null}},"4":{"start":{"line":43,"column":20},"end":{"line":43,"column":null}},"5":{"start":{"line":44,"column":2},"end":{"line":44,"column":null}},"6":{"start":{"line":47,"column":0},"end":{"line":56,"column":null}},"7":{"start":{"line":48,"column":26},"end":{"line":48,"column":null}},"8":{"start":{"line":51,"column":21},"end":{"line":51,"column":null}},"9":{"start":{"line":52,"column":4},"end":{"line":52,"column":null}},"10":{"start":{"line":243,"column":2},"end":{"line":243,"column":null}}},"fnMap":{"0":{"name":"decodeBase64AsWasm","decl":{"start":{"line":41,"column":15},"end":{"line":41,"column":34}},"loc":{"start":{"line":41,"column":83},"end":{"line":45,"column":null}},"line":41},"1":{"name":"(anonymous_1)","decl":{"start":{"line":48,"column":14},"end":{"line":48,"column":26}},"loc":{"start":{"line":48,"column":26},"end":{"line":48,"column":null}},"line":48},"2":{"name":"(anonymous_2)","decl":{"start":{"line":50,"column":30},"end":{"line":50,"column":42}},"loc":{"start":{"line":50,"column":42},"end":{"line":53,"column":null}},"line":50},"3":{"name":"getPrismaClientClass","decl":{"start":{"line":242,"column":16},"end":{"line":242,"column":64}},"loc":{"start":{"line":242,"column":64},"end":{"line":244,"column":null}},"line":242}},"branchMap":{},"s":{"0":4,"1":4,"2":4,"3":4,"4":4,"5":4,"6":4,"7":4,"8":4,"9":4,"10":4},"f":{"0":4,"1":4,"2":4,"3":4},"b":{},"meta":{"lastBranch":0,"lastFunction":4,"lastStatement":11,"seen":{"s:18:46:33:Infinity":0,"s:35:0:35:Infinity":1,"s:36:0:39:Infinity":2,"f:41:15:41:34":0,"s:42:21:42:Infinity":3,"s:43:20:43:Infinity":4,"s:44:2:44:Infinity":5,"s:47:0:56:Infinity":6,"f:48:14:48:26":1,"s:48:26:48:Infinity":7,"f:50:30:50:42":2,"s:51:21:51:Infinity":8,"s:52:4:52:Infinity":9,"f:242:16:242:64":3,"s:243:2:243:Infinity":10},"fnNames":{}}}
,"/home/mamorais/projects/career-tracker-api/src/generated/prisma/internal/prismaNamespace.ts": {"path":"/home/mamorais/projects/career-tracker-api/src/generated/prisma/internal/prismaNamespace.ts","statementMap":{"0":{"start":{"line":32,"column":45},"end":{"line":32,"column":null}},"1":{"start":{"line":35,"column":47},"end":{"line":35,"column":null}},"2":{"start":{"line":38,"column":42},"end":{"line":38,"column":null}},"3":{"start":{"line":41,"column":47},"end":{"line":41,"column":null}},"4":{"start":{"line":44,"column":43},"end":{"line":44,"column":null}},"5":{"start":{"line":50,"column":19},"end":{"line":50,"column":null}},"6":{"start":{"line":51,"column":21},"end":{"line":51,"column":null}},"7":{"start":{"line":52,"column":20},"end":{"line":52,"column":null}},"8":{"start":{"line":53,"column":19},"end":{"line":53,"column":null}},"9":{"start":{"line":54,"column":19},"end":{"line":54,"column":null}},"10":{"start":{"line":62,"column":23},"end":{"line":62,"column":null}},"11":{"start":{"line":71,"column":35},"end":{"line":71,"column":null}},"12":{"start":{"line":86,"column":44},"end":{"line":89,"column":null}},"13":{"start":{"line":104,"column":25},"end":{"line":108,"column":null}},"14":{"start":{"line":114,"column":22},"end":{"line":114,"column":null}},"15":{"start":{"line":121,"column":24},"end":{"line":121,"column":null}},"16":{"start":{"line":128,"column":23},"end":{"line":128,"column":null}},"17":{"start":{"line":386,"column":25},"end":{"line":392,"column":null}},"18":{"start":{"line":810,"column":41},"end":{"line":815,"column":null}},"19":{"start":{"line":820,"column":35},"end":{"line":827,"column":null}},"20":{"start":{"line":832,"column":37},"end":{"line":844,"column":null}},"21":{"start":{"line":849,"column":43},"end":{"line":858,"column":null}},"22":{"start":{"line":863,"column":34},"end":{"line":877,"column":null}},"23":{"start":{"line":882,"column":42},"end":{"line":891,"column":null}},"24":{"start":{"line":896,"column":25},"end":{"line":899,"column":null}},"25":{"start":{"line":904,"column":25},"end":{"line":907,"column":null}},"26":{"start":{"line":912,"column":26},"end":{"line":915,"column":null}},"27":{"start":{"line":1037,"column":31},"end":{"line":1037,"column":null}}},"fnMap":{},"branchMap":{},"s":{"0":4,"1":4,"2":4,"3":4,"4":4,"5":4,"6":4,"7":4,"8":4,"9":4,"10":4,"11":4,"12":4,"13":4,"14":4,"15":4,"16":4,"17":4,"18":4,"19":4,"20":4,"21":4,"22":4,"23":4,"24":4,"25":4,"26":4,"27":4},"f":{},"b":{},"meta":{"lastBranch":0,"lastFunction":0,"lastStatement":28,"seen":{"s:32:45:32:Infinity":0,"s:35:47:35:Infinity":1,"s:38:42:38:Infinity":2,"s:41:47:41:Infinity":3,"s:44:43:44:Infinity":4,"s:50:19:50:Infinity":5,"s:51:21:51:Infinity":6,"s:52:20:52:Infinity":7,"s:53:19:53:Infinity":8,"s:54:19:54:Infinity":9,"s:62:23:62:Infinity":10,"s:71:35:71:Infinity":11,"s:86:44:89:Infinity":12,"s:104:25:108:Infinity":13,"s:114:22:114:Infinity":14,"s:121:24:121:Infinity":15,"s:128:23:128:Infinity":16,"s:386:25:392:Infinity":17,"s:810:41:815:Infinity":18,"s:820:35:827:Infinity":19,"s:832:37:844:Infinity":20,"s:849:43:858:Infinity":21,"s:863:34:877:Infinity":22,"s:882:42:891:Infinity":23,"s:896:25:899:Infinity":24,"s:904:25:907:Infinity":25,"s:912:26:915:Infinity":26,"s:1037:31:1037:Infinity":27},"fnNames":{}}}
,"/home/mamorais/projects/career-tracker-api/src/lib/prisma.ts": {"path":"/home/mamorais/projects/career-tracker-api/src/lib/prisma.ts","statementMap":{"0":{"start":{"line":5,"column":25},"end":{"line":5,"column":null}},"1":{"start":{"line":7,"column":0},"end":{"line":9,"column":null}},"2":{"start":{"line":8,"column":2},"end":{"line":8,"column":null}},"3":{"start":{"line":11,"column":16},"end":{"line":11,"column":null}},"4":{"start":{"line":13,"column":22},"end":{"line":13,"column":null}}},"fnMap":{},"branchMap":{"0":{"loc":{"start":{"line":7,"column":0},"end":{"line":9,"column":null}},"type":"if","locations":[{"start":{"line":7,"column":0},"end":{"line":9,"column":null}},{"start":{},"end":{}}],"line":7}},"s":{"0":4,"1":4,"2":0,"3":4,"4":4},"f":{},"b":{"0":[0,4]},"meta":{"lastBranch":1,"lastFunction":0,"lastStatement":5,"seen":{"s:5:25:5:Infinity":0,"b:7:0:9:Infinity:undefined:undefined:undefined:undefined":0,"s:7:0:9:Infinity":1,"s:8:2:8:Infinity":2,"s:11:16:11:Infinity":3,"s:13:22:13:Infinity":4},"fnNames":{}}}
,"/home/mamorais/projects/career-tracker-api/src/middlewares/auth.middleware.ts": {"path":"/home/mamorais/projects/career-tracker-api/src/middlewares/auth.middleware.ts","statementMap":{"0":{"start":{"line":17,"column":21},"end":{"line":17,"column":null}},"1":{"start":{"line":19,"column":2},"end":{"line":21,"column":null}},"2":{"start":{"line":20,"column":4},"end":{"line":20,"column":null}},"3":{"start":{"line":23,"column":24},"end":{"line":23,"column":null}},"4":{"start":{"line":25,"column":2},"end":{"line":27,"column":null}},"5":{"start":{"line":26,"column":4},"end":{"line":26,"column":null}},"6":{"start":{"line":29,"column":8},"end":{"line":29,"column":null}},"7":{"start":{"line":31,"column":31},"end":{"line":31,"column":null}},"8":{"start":{"line":33,"column":2},"end":{"line":36,"column":null}},"9":{"start":{"line":38,"column":2},"end":{"line":38,"column":null}}},"fnMap":{"0":{"name":"authMiddleware","decl":{"start":{"line":12,"column":16},"end":{"line":12,"column":null}},"loc":{"start":{"line":16,"column":2},"end":{"line":39,"column":null}},"line":16}},"branchMap":{"0":{"loc":{"start":{"line":19,"column":2},"end":{"line":21,"column":null}},"type":"if","locations":[{"start":{"line":19,"column":2},"end":{"line":21,"column":null}},{"start":{},"end":{}}],"line":19},"1":{"loc":{"start":{"line":25,"column":2},"end":{"line":27,"column":null}},"type":"if","locations":[{"start":{"line":25,"column":2},"end":{"line":27,"column":null}},{"start":{},"end":{}}],"line":25},"2":{"loc":{"start":{"line":25,"column":6},"end":{"line":25,"column":35}},"type":"binary-expr","locations":[{"start":{"line":25,"column":6},"end":{"line":25,"column":27}},{"start":{"line":25,"column":27},"end":{"line":25,"column":35}}],"line":25}},"s":{"0":33,"1":33,"2":1,"3":32,"4":32,"5":0,"6":32,"7":32,"8":32,"9":32},"f":{"0":33},"b":{"0":[1,32],"1":[0,32],"2":[32,32]},"meta":{"lastBranch":3,"lastFunction":1,"lastStatement":10,"seen":{"f:12:16:12:Infinity":0,"s:17:21:17:Infinity":0,"b:19:2:21:Infinity:undefined:undefined:undefined:undefined":0,"s:19:2:21:Infinity":1,"s:20:4:20:Infinity":2,"s:23:24:23:Infinity":3,"b:25:2:27:Infinity:undefined:undefined:undefined:undefined":1,"s:25:2:27:Infinity":4,"b:25:6:25:27:25:27:25:35":2,"s:26:4:26:Infinity":5,"s:29:8:29:Infinity":6,"s:31:31:31:Infinity":7,"s:33:2:36:Infinity":8,"s:38:2:38:Infinity":9},"fnNames":{}}}
,"/home/mamorais/projects/career-tracker-api/src/middlewares/error.middleware.ts": {"path":"/home/mamorais/projects/career-tracker-api/src/middlewares/error.middleware.ts","statementMap":{"0":{"start":{"line":4,"column":13},"end":{"line":23,"column":null}},"1":{"start":{"line":10,"column":2},"end":{"line":15,"column":null}},"2":{"start":{"line":11,"column":4},"end":{"line":14,"column":null}},"3":{"start":{"line":17,"column":2},"end":{"line":17,"column":null}},"4":{"start":{"line":19,"column":2},"end":{"line":22,"column":null}}},"fnMap":{"0":{"name":"(anonymous_0)","decl":{"start":{"line":4,"column":13},"end":{"line":4,"column":null}},"loc":{"start":{"line":9,"column":5},"end":{"line":23,"column":null}},"line":9}},"branchMap":{"0":{"loc":{"start":{"line":10,"column":2},"end":{"line":15,"column":null}},"type":"if","locations":[{"start":{"line":10,"column":2},"end":{"line":15,"column":null}},{"start":{},"end":{}}],"line":10}},"s":{"0":4,"1":8,"2":8,"3":0,"4":0},"f":{"0":8},"b":{"0":[8,0]},"meta":{"lastBranch":1,"lastFunction":1,"lastStatement":5,"seen":{"s:4:13:23:Infinity":0,"f:4:13:4:Infinity":0,"b:10:2:15:Infinity:undefined:undefined:undefined:undefined":0,"s:10:2:15:Infinity":1,"s:11:4:14:Infinity":2,"s:17:2:17:Infinity":3,"s:19:2:22:Infinity":4},"fnNames":{}}}
,"/home/mamorais/projects/career-tracker-api/src/middlewares/validate.middleware.ts": {"path":"/home/mamorais/projects/career-tracker-api/src/middlewares/validate.middleware.ts","statementMap":{"0":{"start":{"line":5,"column":2},"end":{"line":21,"column":null}},"1":{"start":{"line":6,"column":19},"end":{"line":6,"column":null}},"2":{"start":{"line":8,"column":4},"end":{"line":17,"column":null}},"3":{"start":{"line":9,"column":6},"end":{"line":16,"column":null}},"4":{"start":{"line":12,"column":52},"end":{"line":15,"column":10}},"5":{"start":{"line":19,"column":4},"end":{"line":19,"column":null}},"6":{"start":{"line":20,"column":4},"end":{"line":20,"column":null}},"7":{"start":{"line":25,"column":2},"end":{"line":40,"column":null}},"8":{"start":{"line":26,"column":19},"end":{"line":26,"column":null}},"9":{"start":{"line":28,"column":4},"end":{"line":37,"column":null}},"10":{"start":{"line":29,"column":6},"end":{"line":36,"column":null}},"11":{"start":{"line":32,"column":52},"end":{"line":35,"column":10}},"12":{"start":{"line":38,"column":4},"end":{"line":38,"column":null}},"13":{"start":{"line":39,"column":4},"end":{"line":39,"column":null}}},"fnMap":{"0":{"name":"validateBody","decl":{"start":{"line":4,"column":16},"end":{"line":4,"column":29}},"loc":{"start":{"line":4,"column":48},"end":{"line":22,"column":null}},"line":4},"1":{"name":"(anonymous_1)","decl":{"start":{"line":5,"column":2},"end":{"line":5,"column":10}},"loc":{"start":{"line":5,"column":71},"end":{"line":21,"column":null}},"line":5},"2":{"name":"(anonymous_2)","decl":{"start":{"line":12,"column":36},"end":{"line":12,"column":41}},"loc":{"start":{"line":12,"column":52},"end":{"line":15,"column":10}},"line":12},"3":{"name":"validateQuery","decl":{"start":{"line":24,"column":16},"end":{"line":24,"column":30}},"loc":{"start":{"line":24,"column":49},"end":{"line":41,"column":null}},"line":24},"4":{"name":"(anonymous_4)","decl":{"start":{"line":25,"column":2},"end":{"line":25,"column":10}},"loc":{"start":{"line":25,"column":71},"end":{"line":40,"column":null}},"line":25},"5":{"name":"(anonymous_5)","decl":{"start":{"line":32,"column":36},"end":{"line":32,"column":41}},"loc":{"start":{"line":32,"column":52},"end":{"line":35,"column":10}},"line":32}},"branchMap":{"0":{"loc":{"start":{"line":8,"column":4},"end":{"line":17,"column":null}},"type":"if","locations":[{"start":{"line":8,"column":4},"end":{"line":17,"column":null}},{"start":{},"end":{}}],"line":8},"1":{"loc":{"start":{"line":28,"column":4},"end":{"line":37,"column":null}},"type":"if","locations":[{"start":{"line":28,"column":4},"end":{"line":37,"column":null}},{"start":{},"end":{}}],"line":28}},"s":{"0":40,"1":49,"2":49,"3":0,"4":0,"5":49,"6":49,"7":12,"8":3,"9":3,"10":0,"11":0,"12":3,"13":3},"f":{"0":40,"1":49,"2":0,"3":12,"4":3,"5":0},"b":{"0":[0,49],"1":[0,3]},"meta":{"lastBranch":2,"lastFunction":6,"lastStatement":14,"seen":{"f:4:16:4:29":0,"s:5:2:21:Infinity":0,"f:5:2:5:10":1,"s:6:19:6:Infinity":1,"b:8:4:17:Infinity:undefined:undefined:undefined:undefined":0,"s:8:4:17:Infinity":2,"s:9:6:16:Infinity":3,"f:12:36:12:41":2,"s:12:52:15:10":4,"s:19:4:19:Infinity":5,"s:20:4:20:Infinity":6,"f:24:16:24:30":3,"s:25:2:40:Infinity":7,"f:25:2:25:10":4,"s:26:19:26:Infinity":8,"b:28:4:37:Infinity:undefined:undefined:undefined:undefined":1,"s:28:4:37:Infinity":9,"s:29:6:36:Infinity":10,"f:32:36:32:41":5,"s:32:52:35:10":11,"s:38:4:38:Infinity":12,"s:39:4:39:Infinity":13},"fnNames":{}}}
,"/home/mamorais/projects/career-tracker-api/src/repositories/application.repository.ts": {"path":"/home/mamorais/projects/career-tracker-api/src/repositories/application.repository.ts","statementMap":{"0":{"start":{"line":18,"column":25},"end":{"line":24,"column":null}},"1":{"start":{"line":28,"column":4},"end":{"line":47,"column":null}},"2":{"start":{"line":29,"column":6},"end":{"line":37,"column":null}},"3":{"start":{"line":39,"column":6},"end":{"line":46,"column":null}},"4":{"start":{"line":51,"column":4},"end":{"line":58,"column":null}},"5":{"start":{"line":62,"column":10},"end":{"line":62,"column":null}},"6":{"start":{"line":64,"column":4},"end":{"line":80,"column":null}},"7":{"start":{"line":84,"column":4},"end":{"line":90,"column":null}},"8":{"start":{"line":94,"column":4},"end":{"line":106,"column":null}},"9":{"start":{"line":110,"column":4},"end":{"line":139,"column":null}},"10":{"start":{"line":111,"column":26},"end":{"line":116,"column":null}},"11":{"start":{"line":118,"column":6},"end":{"line":127,"column":null}},"12":{"start":{"line":119,"column":8},"end":{"line":126,"column":null}},"13":{"start":{"line":129,"column":6},"end":{"line":138,"column":null}},"14":{"start":{"line":143,"column":4},"end":{"line":161,"column":null}},"15":{"start":{"line":144,"column":26},"end":{"line":148,"column":null}},"16":{"start":{"line":150,"column":6},"end":{"line":158,"column":null}},"17":{"start":{"line":160,"column":6},"end":{"line":160,"column":null}}},"fnMap":{"0":{"name":"createAndMarkJobApplied","decl":{"start":{"line":27,"column":2},"end":{"line":27,"column":26}},"loc":{"start":{"line":27,"column":55},"end":{"line":48,"column":null}},"line":27},"1":{"name":"(anonymous_1)","decl":{"start":{"line":28,"column":31},"end":{"line":28,"column":38}},"loc":{"start":{"line":28,"column":54},"end":{"line":47,"column":5}},"line":28},"2":{"name":"findByJobIdAndUserId","decl":{"start":{"line":50,"column":2},"end":{"line":50,"column":23}},"loc":{"start":{"line":50,"column":54},"end":{"line":59,"column":null}},"line":50},"3":{"name":"findManyByUserId","decl":{"start":{"line":61,"column":2},"end":{"line":61,"column":19}},"loc":{"start":{"line":61,"column":64},"end":{"line":81,"column":null}},"line":61},"4":{"name":"countByUserId","decl":{"start":{"line":83,"column":2},"end":{"line":83,"column":16}},"loc":{"start":{"line":83,"column":32},"end":{"line":91,"column":null}},"line":83},"5":{"name":"findByIdAndUserId","decl":{"start":{"line":93,"column":2},"end":{"line":93,"column":20}},"loc":{"start":{"line":93,"column":48},"end":{"line":107,"column":null}},"line":93},"6":{"name":"updateAndSyncJob","decl":{"start":{"line":109,"column":2},"end":{"line":109,"column":19}},"loc":{"start":{"line":109,"column":60},"end":{"line":140,"column":null}},"line":109},"7":{"name":"(anonymous_7)","decl":{"start":{"line":110,"column":31},"end":{"line":110,"column":38}},"loc":{"start":{"line":110,"column":54},"end":{"line":139,"column":5}},"line":110},"8":{"name":"deleteAndResetJob","decl":{"start":{"line":142,"column":2},"end":{"line":142,"column":20}},"loc":{"start":{"line":142,"column":32},"end":{"line":162,"column":null}},"line":142},"9":{"name":"(anonymous_9)","decl":{"start":{"line":143,"column":31},"end":{"line":143,"column":38}},"loc":{"start":{"line":143,"column":54},"end":{"line":161,"column":5}},"line":143}},"branchMap":{"0":{"loc":{"start":{"line":118,"column":6},"end":{"line":127,"column":null}},"type":"if","locations":[{"start":{"line":118,"column":6},"end":{"line":127,"column":null}},{"start":{},"end":{}}],"line":118}},"s":{"0":4,"1":3,"2":3,"3":3,"4":4,"5":1,"6":1,"7":1,"8":2,"9":1,"10":1,"11":1,"12":0,"13":1,"14":1,"15":1,"16":1,"17":1},"f":{"0":3,"1":3,"2":4,"3":1,"4":1,"5":2,"6":1,"7":1,"8":1,"9":1},"b":{"0":[0,1]},"meta":{"lastBranch":1,"lastFunction":10,"lastStatement":18,"seen":{"s:18:25:24:Infinity":0,"f:27:2:27:26":0,"s:28:4:47:Infinity":1,"f:28:31:28:38":1,"s:29:6:37:Infinity":2,"s:39:6:46:Infinity":3,"f:50:2:50:23":2,"s:51:4:58:Infinity":4,"f:61:2:61:19":3,"s:62:10:62:Infinity":5,"s:64:4:80:Infinity":6,"f:83:2:83:16":4,"s:84:4:90:Infinity":7,"f:93:2:93:20":5,"s:94:4:106:Infinity":8,"f:109:2:109:19":6,"s:110:4:139:Infinity":9,"f:110:31:110:38":7,"s:111:26:116:Infinity":10,"b:118:6:127:Infinity:undefined:undefined:undefined:undefined":0,"s:118:6:127:Infinity":11,"s:119:8:126:Infinity":12,"s:129:6:138:Infinity":13,"f:142:2:142:20":8,"s:143:4:161:Infinity":14,"f:143:31:143:38":9,"s:144:26:148:Infinity":15,"s:150:6:158:Infinity":16,"s:160:6:160:Infinity":17},"fnNames":{}}}
,"/home/mamorais/projects/career-tracker-api/src/repositories/course-module.repository.ts": {"path":"/home/mamorais/projects/career-tracker-api/src/repositories/course-module.repository.ts","statementMap":{"0":{"start":{"line":22,"column":4},"end":{"line":22,"column":null}},"1":{"start":{"line":26,"column":4},"end":{"line":29,"column":null}},"2":{"start":{"line":33,"column":3},"end":{"line":38,"column":null}},"3":{"start":{"line":42,"column":3},"end":{"line":45,"column":null}},"4":{"start":{"line":49,"column":3},"end":{"line":51,"column":null}}},"fnMap":{"0":{"name":"create","decl":{"start":{"line":21,"column":2},"end":{"line":21,"column":9}},"loc":{"start":{"line":21,"column":39},"end":{"line":23,"column":null}},"line":21},"1":{"name":"findManyByCourseId","decl":{"start":{"line":25,"column":2},"end":{"line":25,"column":21}},"loc":{"start":{"line":25,"column":39},"end":{"line":30,"column":null}},"line":25},"2":{"name":"findByIdAndUserId","decl":{"start":{"line":32,"column":1},"end":{"line":32,"column":19}},"loc":{"start":{"line":32,"column":47},"end":{"line":39,"column":null}},"line":32},"3":{"name":"update","decl":{"start":{"line":41,"column":1},"end":{"line":41,"column":8}},"loc":{"start":{"line":41,"column":50},"end":{"line":46,"column":null}},"line":41},"4":{"name":"delete","decl":{"start":{"line":48,"column":1},"end":{"line":48,"column":8}},"loc":{"start":{"line":48,"column":20},"end":{"line":52,"column":null}},"line":48}},"branchMap":{},"s":{"0":1,"1":1,"2":3,"3":1,"4":1},"f":{"0":1,"1":1,"2":3,"3":1,"4":1},"b":{},"meta":{"lastBranch":0,"lastFunction":5,"lastStatement":5,"seen":{"f:21:2:21:9":0,"s:22:4:22:Infinity":0,"f:25:2:25:21":1,"s:26:4:29:Infinity":1,"f:32:1:32:19":2,"s:33:3:38:Infinity":2,"f:41:1:41:8":3,"s:42:3:45:Infinity":3,"f:48:1:48:8":4,"s:49:3:51:Infinity":4},"fnNames":{}}}
,"/home/mamorais/projects/career-tracker-api/src/repositories/course.repository.ts": {"path":"/home/mamorais/projects/career-tracker-api/src/repositories/course.repository.ts","statementMap":{"0":{"start":{"line":27,"column":4},"end":{"line":29,"column":null}},"1":{"start":{"line":33,"column":10},"end":{"line":33,"column":null}},"2":{"start":{"line":35,"column":4},"end":{"line":45,"column":null}},"3":{"start":{"line":49,"column":4},"end":{"line":54,"column":null}},"4":{"start":{"line":58,"column":4},"end":{"line":63,"column":null}},"5":{"start":{"line":67,"column":4},"end":{"line":72,"column":null}},"6":{"start":{"line":76,"column":4},"end":{"line":80,"column":null}}},"fnMap":{"0":{"name":"create","decl":{"start":{"line":26,"column":2},"end":{"line":26,"column":9}},"loc":{"start":{"line":26,"column":33},"end":{"line":30,"column":null}},"line":26},"1":{"name":"findManyByUserId","decl":{"start":{"line":32,"column":2},"end":{"line":32,"column":19}},"loc":{"start":{"line":32,"column":48},"end":{"line":46,"column":null}},"line":32},"2":{"name":"countByUserId","decl":{"start":{"line":48,"column":2},"end":{"line":48,"column":16}},"loc":{"start":{"line":48,"column":55},"end":{"line":55,"column":null}},"line":48},"3":{"name":"findByIdAndUserId","decl":{"start":{"line":57,"column":2},"end":{"line":57,"column":20}},"loc":{"start":{"line":57,"column":48},"end":{"line":64,"column":null}},"line":57},"4":{"name":"update","decl":{"start":{"line":66,"column":2},"end":{"line":66,"column":9}},"loc":{"start":{"line":66,"column":45},"end":{"line":73,"column":null}},"line":66},"5":{"name":"delete","decl":{"start":{"line":75,"column":2},"end":{"line":75,"column":9}},"loc":{"start":{"line":75,"column":21},"end":{"line":81,"column":null}},"line":75}},"branchMap":{},"s":{"0":3,"1":1,"2":1,"3":1,"4":3,"5":0,"6":0},"f":{"0":3,"1":1,"2":1,"3":3,"4":0,"5":0},"b":{},"meta":{"lastBranch":0,"lastFunction":6,"lastStatement":7,"seen":{"f:26:2:26:9":0,"s:27:4:29:Infinity":0,"f:32:2:32:19":1,"s:33:10:33:Infinity":1,"s:35:4:45:Infinity":2,"f:48:2:48:16":2,"s:49:4:54:Infinity":3,"f:57:2:57:20":3,"s:58:4:63:Infinity":4,"f:66:2:66:9":4,"s:67:4:72:Infinity":5,"f:75:2:75:9":5,"s:76:4:80:Infinity":6},"fnNames":{}}}
,"/home/mamorais/projects/career-tracker-api/src/repositories/job.repository.ts": {"path":"/home/mamorais/projects/career-tracker-api/src/repositories/job.repository.ts","statementMap":{"0":{"start":{"line":36,"column":2},"end":{"line":63,"column":null}},"1":{"start":{"line":68,"column":4},"end":{"line":70,"column":null}},"2":{"start":{"line":74,"column":10},"end":{"line":74,"column":null}},"3":{"start":{"line":76,"column":4},"end":{"line":85,"column":null}},"4":{"start":{"line":89,"column":4},"end":{"line":91,"column":null}},"5":{"start":{"line":95,"column":4},"end":{"line":100,"column":null}},"6":{"start":{"line":104,"column":4},"end":{"line":109,"column":null}},"7":{"start":{"line":113,"column":4},"end":{"line":117,"column":null}}},"fnMap":{"0":{"name":"buildWhere","decl":{"start":{"line":35,"column":9},"end":{"line":35,"column":20}},"loc":{"start":{"line":35,"column":68},"end":{"line":64,"column":null}},"line":35},"1":{"name":"create","decl":{"start":{"line":67,"column":2},"end":{"line":67,"column":9}},"loc":{"start":{"line":67,"column":30},"end":{"line":71,"column":null}},"line":67},"2":{"name":"findManyByUserId","decl":{"start":{"line":73,"column":2},"end":{"line":73,"column":19}},"loc":{"start":{"line":73,"column":45},"end":{"line":86,"column":null}},"line":73},"3":{"name":"countByUserId","decl":{"start":{"line":88,"column":2},"end":{"line":88,"column":16}},"loc":{"start":{"line":88,"column":42},"end":{"line":92,"column":null}},"line":88},"4":{"name":"findByIdAndUserId","decl":{"start":{"line":94,"column":2},"end":{"line":94,"column":20}},"loc":{"start":{"line":94,"column":48},"end":{"line":101,"column":null}},"line":94},"5":{"name":"update","decl":{"start":{"line":103,"column":2},"end":{"line":103,"column":9}},"loc":{"start":{"line":103,"column":42},"end":{"line":110,"column":null}},"line":103},"6":{"name":"delete","decl":{"start":{"line":112,"column":2},"end":{"line":112,"column":9}},"loc":{"start":{"line":112,"column":21},"end":{"line":118,"column":null}},"line":112}},"branchMap":{"0":{"loc":{"start":{"line":41,"column":8},"end":{"line":62,"column":null}},"type":"cond-expr","locations":[{"start":{"line":42,"column":8},"end":{"line":61,"column":null}},{"start":{"line":62,"column":8},"end":{"line":62,"column":null}}],"line":41}},"s":{"0":2,"1":7,"2":1,"3":1,"4":1,"5":10,"6":1,"7":1},"f":{"0":2,"1":7,"2":1,"3":1,"4":10,"5":1,"6":1},"b":{"0":[2,0]},"meta":{"lastBranch":1,"lastFunction":7,"lastStatement":8,"seen":{"f:35:9:35:20":0,"s:36:2:63:Infinity":0,"b:42:8:61:Infinity:62:8:62:Infinity":0,"f:67:2:67:9":1,"s:68:4:70:Infinity":1,"f:73:2:73:19":2,"s:74:10:74:Infinity":2,"s:76:4:85:Infinity":3,"f:88:2:88:16":3,"s:89:4:91:Infinity":4,"f:94:2:94:20":4,"s:95:4:100:Infinity":5,"f:103:2:103:9":5,"s:104:4:109:Infinity":6,"f:112:2:112:9":6,"s:113:4:117:Infinity":7},"fnNames":{}}}
,"/home/mamorais/projects/career-tracker-api/src/repositories/user.repository.ts": {"path":"/home/mamorais/projects/career-tracker-api/src/repositories/user.repository.ts","statementMap":{"0":{"start":{"line":11,"column":4},"end":{"line":15,"column":null}},"1":{"start":{"line":19,"column":4},"end":{"line":30,"column":null}},"2":{"start":{"line":34,"column":4},"end":{"line":43,"column":null}}},"fnMap":{"0":{"name":"findByEmail","decl":{"start":{"line":10,"column":2},"end":{"line":10,"column":14}},"loc":{"start":{"line":10,"column":29},"end":{"line":16,"column":null}},"line":10},"1":{"name":"findById","decl":{"start":{"line":18,"column":2},"end":{"line":18,"column":11}},"loc":{"start":{"line":18,"column":23},"end":{"line":31,"column":null}},"line":18},"2":{"name":"create","decl":{"start":{"line":33,"column":2},"end":{"line":33,"column":9}},"loc":{"start":{"line":33,"column":31},"end":{"line":44,"column":null}},"line":33}},"branchMap":{},"s":{"0":31,"1":1,"2":16},"f":{"0":31,"1":1,"2":16},"b":{},"meta":{"lastBranch":0,"lastFunction":3,"lastStatement":3,"seen":{"f:10:2:10:14":0,"s:11:4:15:Infinity":0,"f:18:2:18:11":1,"s:19:4:30:Infinity":1,"f:33:2:33:9":2,"s:34:4:43:Infinity":2},"fnNames":{}}}
,"/home/mamorais/projects/career-tracker-api/src/routes/application.routes.ts": {"path":"/home/mamorais/projects/career-tracker-api/src/routes/application.routes.ts","statementMap":{"0":{"start":{"line":9,"column":6},"end":{"line":9,"column":null}},"1":{"start":{"line":10,"column":30},"end":{"line":10,"column":null}},"2":{"start":{"line":12,"column":0},"end":{"line":12,"column":null}},"3":{"start":{"line":57,"column":0},"end":{"line":58,"column":null}},"4":{"start":{"line":95,"column":0},"end":{"line":95,"column":null}},"5":{"start":{"line":143,"column":0},"end":{"line":144,"column":null}},"6":{"start":{"line":172,"column":0},"end":{"line":172,"column":null}}},"fnMap":{},"branchMap":{},"s":{"0":4,"1":4,"2":4,"3":4,"4":4,"5":4,"6":4},"f":{},"b":{},"meta":{"lastBranch":0,"lastFunction":0,"lastStatement":7,"seen":{"s:9:6:9:Infinity":0,"s:10:30:10:Infinity":1,"s:12:0:12:Infinity":2,"s:57:0:58:Infinity":3,"s:95:0:95:Infinity":4,"s:143:0:144:Infinity":5,"s:172:0:172:Infinity":6},"fnNames":{}}}
,"/home/mamorais/projects/career-tracker-api/src/routes/auth.routes.ts": {"path":"/home/mamorais/projects/career-tracker-api/src/routes/auth.routes.ts","statementMap":{"0":{"start":{"line":6,"column":6},"end":{"line":6,"column":null}},"1":{"start":{"line":7,"column":23},"end":{"line":7,"column":null}},"2":{"start":{"line":43,"column":0},"end":{"line":43,"column":null}},"3":{"start":{"line":80,"column":0},"end":{"line":80,"column":null}}},"fnMap":{},"branchMap":{},"s":{"0":4,"1":4,"2":4,"3":4},"f":{},"b":{},"meta":{"lastBranch":0,"lastFunction":0,"lastStatement":4,"seen":{"s:6:6:6:Infinity":0,"s:7:23:7:Infinity":1,"s:43:0:43:Infinity":2,"s:80:0:80:Infinity":3},"fnNames":{}}}
,"/home/mamorais/projects/career-tracker-api/src/routes/course-module.routes.ts": {"path":"/home/mamorais/projects/career-tracker-api/src/routes/course-module.routes.ts","statementMap":{"0":{"start":{"line":7,"column":6},"end":{"line":7,"column":null}},"1":{"start":{"line":8,"column":31},"end":{"line":8,"column":null}},"2":{"start":{"line":10,"column":0},"end":{"line":10,"column":null}},"3":{"start":{"line":47,"column":0},"end":{"line":47,"column":null}},"4":{"start":{"line":96,"column":0},"end":{"line":97,"column":null}},"5":{"start":{"line":136,"column":0},"end":{"line":136,"column":null}}},"fnMap":{},"branchMap":{},"s":{"0":4,"1":4,"2":4,"3":4,"4":4,"5":4},"f":{},"b":{},"meta":{"lastBranch":0,"lastFunction":0,"lastStatement":6,"seen":{"s:7:6:7:Infinity":0,"s:8:31:8:Infinity":1,"s:10:0:10:Infinity":2,"s:47:0:47:Infinity":3,"s:96:0:97:Infinity":4,"s:136:0:136:Infinity":5},"fnNames":{}}}
,"/home/mamorais/projects/career-tracker-api/src/routes/course.routes.ts": {"path":"/home/mamorais/projects/career-tracker-api/src/routes/course.routes.ts","statementMap":{"0":{"start":{"line":9,"column":6},"end":{"line":9,"column":null}},"1":{"start":{"line":10,"column":25},"end":{"line":10,"column":null}},"2":{"start":{"line":11,"column":31},"end":{"line":11,"column":null}},"3":{"start":{"line":13,"column":0},"end":{"line":13,"column":null}},"4":{"start":{"line":60,"column":0},"end":{"line":60,"column":null}},"5":{"start":{"line":122,"column":0},"end":{"line":122,"column":null}},"6":{"start":{"line":171,"column":0},"end":{"line":171,"column":null}},"7":{"start":{"line":211,"column":0},"end":{"line":211,"column":null}},"8":{"start":{"line":253,"column":0},"end":{"line":253,"column":null}},"9":{"start":{"line":302,"column":0},"end":{"line":302,"column":null}},"10":{"start":{"line":341,"column":0},"end":{"line":341,"column":null}}},"fnMap":{},"branchMap":{},"s":{"0":4,"1":4,"2":4,"3":4,"4":4,"5":4,"6":4,"7":4,"8":4,"9":4,"10":4},"f":{},"b":{},"meta":{"lastBranch":0,"lastFunction":0,"lastStatement":11,"seen":{"s:9:6:9:Infinity":0,"s:10:25:10:Infinity":1,"s:11:31:11:Infinity":2,"s:13:0:13:Infinity":3,"s:60:0:60:Infinity":4,"s:122:0:122:Infinity":5,"s:171:0:171:Infinity":6,"s:211:0:211:Infinity":7,"s:253:0:253:Infinity":8,"s:302:0:302:Infinity":9,"s:341:0:341:Infinity":10},"fnNames":{}}}
,"/home/mamorais/projects/career-tracker-api/src/routes/job.routes.ts": {"path":"/home/mamorais/projects/career-tracker-api/src/routes/job.routes.ts","statementMap":{"0":{"start":{"line":11,"column":6},"end":{"line":11,"column":null}},"1":{"start":{"line":12,"column":22},"end":{"line":12,"column":null}},"2":{"start":{"line":13,"column":30},"end":{"line":13,"column":null}},"3":{"start":{"line":15,"column":0},"end":{"line":15,"column":null}},"4":{"start":{"line":54,"column":0},"end":{"line":54,"column":null}},"5":{"start":{"line":115,"column":0},"end":{"line":115,"column":null}},"6":{"start":{"line":165,"column":0},"end":{"line":165,"column":null}},"7":{"start":{"line":202,"column":0},"end":{"line":202,"column":null}},"8":{"start":{"line":250,"column":0},"end":{"line":250,"column":null}},"9":{"start":{"line":277,"column":0},"end":{"line":277,"column":null}}},"fnMap":{},"branchMap":{},"s":{"0":4,"1":4,"2":4,"3":4,"4":4,"5":4,"6":4,"7":4,"8":4,"9":4},"f":{},"b":{},"meta":{"lastBranch":0,"lastFunction":0,"lastStatement":10,"seen":{"s:11:6:11:Infinity":0,"s:12:22:12:Infinity":1,"s:13:30:13:Infinity":2,"s:15:0:15:Infinity":3,"s:54:0:54:Infinity":4,"s:115:0:115:Infinity":5,"s:165:0:165:Infinity":6,"s:202:0:202:Infinity":7,"s:250:0:250:Infinity":8,"s:277:0:277:Infinity":9},"fnNames":{}}}
,"/home/mamorais/projects/career-tracker-api/src/routes/user.routes.ts": {"path":"/home/mamorais/projects/career-tracker-api/src/routes/user.routes.ts","statementMap":{"0":{"start":{"line":5,"column":6},"end":{"line":5,"column":null}},"1":{"start":{"line":6,"column":23},"end":{"line":6,"column":null}},"2":{"start":{"line":38,"column":0},"end":{"line":38,"column":null}}},"fnMap":{},"branchMap":{},"s":{"0":4,"1":4,"2":4},"f":{},"b":{},"meta":{"lastBranch":0,"lastFunction":0,"lastStatement":3,"seen":{"s:5:6:5:Infinity":0,"s:6:23:6:Infinity":1,"s:38:0:38:Infinity":2},"fnNames":{}}}
,"/home/mamorais/projects/career-tracker-api/src/services/application.service.ts": {"path":"/home/mamorais/projects/career-tracker-api/src/services/application.service.ts","statementMap":{"0":{"start":{"line":10,"column":30},"end":{"line":10,"column":null}},"1":{"start":{"line":11,"column":22},"end":{"line":11,"column":null}},"2":{"start":{"line":14,"column":2},"end":{"line":14,"column":null}},"3":{"start":{"line":23,"column":16},"end":{"line":23,"column":null}},"4":{"start":{"line":25,"column":4},"end":{"line":27,"column":null}},"5":{"start":{"line":26,"column":6},"end":{"line":26,"column":null}},"6":{"start":{"line":30,"column":6},"end":{"line":30,"column":null}},"7":{"start":{"line":32,"column":4},"end":{"line":37,"column":null}},"8":{"start":{"line":33,"column":6},"end":{"line":36,"column":null}},"9":{"start":{"line":39,"column":4},"end":{"line":45,"column":null}},"10":{"start":{"line":49,"column":17},"end":{"line":49,"column":null}},"11":{"start":{"line":50,"column":18},"end":{"line":50,"column":null}},"12":{"start":{"line":52,"column":34},"end":{"line":55,"column":null}},"13":{"start":{"line":57,"column":4},"end":{"line":65,"column":null}},"14":{"start":{"line":70,"column":6},"end":{"line":73,"column":null}},"15":{"start":{"line":75,"column":4},"end":{"line":77,"column":null}},"16":{"start":{"line":76,"column":6},"end":{"line":76,"column":null}},"17":{"start":{"line":79,"column":4},"end":{"line":79,"column":null}},"18":{"start":{"line":88,"column":6},"end":{"line":91,"column":null}},"19":{"start":{"line":93,"column":4},"end":{"line":95,"column":null}},"20":{"start":{"line":94,"column":6},"end":{"line":94,"column":null}},"21":{"start":{"line":97,"column":4},"end":{"line":104,"column":null}},"22":{"start":{"line":109,"column":6},"end":{"line":112,"column":null}},"23":{"start":{"line":114,"column":4},"end":{"line":116,"column":null}},"24":{"start":{"line":115,"column":6},"end":{"line":115,"column":null}},"25":{"start":{"line":118,"column":4},"end":{"line":118,"column":null}}},"fnMap":{"0":{"name":"parseDate","decl":{"start":{"line":13,"column":9},"end":{"line":13,"column":19}},"loc":{"start":{"line":13,"column":40},"end":{"line":15,"column":null}},"line":13},"1":{"name":"create","decl":{"start":{"line":18,"column":8},"end":{"line":18,"column":null}},"loc":{"start":{"line":22,"column":4},"end":{"line":46,"column":null}},"line":22},"2":{"name":"list","decl":{"start":{"line":48,"column":8},"end":{"line":48,"column":13}},"loc":{"start":{"line":48,"column":59},"end":{"line":66,"column":null}},"line":48},"3":{"name":"findOne","decl":{"start":{"line":68,"column":8},"end":{"line":68,"column":16}},"loc":{"start":{"line":68,"column":55},"end":{"line":80,"column":null}},"line":68},"4":{"name":"update","decl":{"start":{"line":82,"column":8},"end":{"line":82,"column":null}},"loc":{"start":{"line":86,"column":4},"end":{"line":105,"column":null}},"line":86},"5":{"name":"delete","decl":{"start":{"line":107,"column":8},"end":{"line":107,"column":15}},"loc":{"start":{"line":107,"column":54},"end":{"line":119,"column":null}},"line":107}},"branchMap":{"0":{"loc":{"start":{"line":14,"column":9},"end":{"line":14,"column":null}},"type":"cond-expr","locations":[{"start":{"line":14,"column":16},"end":{"line":14,"column":33}},{"start":{"line":14,"column":33},"end":{"line":14,"column":null}}],"line":14},"1":{"loc":{"start":{"line":25,"column":4},"end":{"line":27,"column":null}},"type":"if","locations":[{"start":{"line":25,"column":4},"end":{"line":27,"column":null}},{"start":{},"end":{}}],"line":25},"2":{"loc":{"start":{"line":32,"column":4},"end":{"line":37,"column":null}},"type":"if","locations":[{"start":{"line":32,"column":4},"end":{"line":37,"column":null}},{"start":{},"end":{}}],"line":32},"3":{"loc":{"start":{"line":49,"column":17},"end":{"line":49,"column":null}},"type":"binary-expr","locations":[{"start":{"line":49,"column":17},"end":{"line":49,"column":31}},{"start":{"line":49,"column":31},"end":{"line":49,"column":null}}],"line":49},"4":{"loc":{"start":{"line":50,"column":18},"end":{"line":50,"column":null}},"type":"binary-expr","locations":[{"start":{"line":50,"column":18},"end":{"line":50,"column":33}},{"start":{"line":50,"column":33},"end":{"line":50,"column":null}}],"line":50},"5":{"loc":{"start":{"line":75,"column":4},"end":{"line":77,"column":null}},"type":"if","locations":[{"start":{"line":75,"column":4},"end":{"line":77,"column":null}},{"start":{},"end":{}}],"line":75},"6":{"loc":{"start":{"line":93,"column":4},"end":{"line":95,"column":null}},"type":"if","locations":[{"start":{"line":93,"column":4},"end":{"line":95,"column":null}},{"start":{},"end":{}}],"line":93},"7":{"loc":{"start":{"line":101,"column":17},"end":{"line":103,"column":null}},"type":"cond-expr","locations":[{"start":{"line":102,"column":10},"end":{"line":102,"column":null}},{"start":{"line":103,"column":10},"end":{"line":103,"column":null}}],"line":101},"8":{"loc":{"start":{"line":114,"column":4},"end":{"line":116,"column":null}},"type":"if","locations":[{"start":{"line":114,"column":4},"end":{"line":116,"column":null}},{"start":{},"end":{}}],"line":114}},"s":{"0":4,"1":4,"2":3,"3":4,"4":4,"5":0,"6":4,"7":4,"8":1,"9":3,"10":1,"11":1,"12":1,"13":1,"14":0,"15":0,"16":0,"17":0,"18":1,"19":1,"20":0,"21":1,"22":1,"23":1,"24":0,"25":1},"f":{"0":3,"1":4,"2":1,"3":0,"4":1,"5":1},"b":{"0":[0,3],"1":[0,4],"2":[1,3],"3":[1,0],"4":[1,0],"5":[0,0],"6":[0,1],"7":[0,1],"8":[0,1]},"meta":{"lastBranch":9,"lastFunction":6,"lastStatement":26,"seen":{"s:10:30:10:Infinity":0,"s:11:22:11:Infinity":1,"f:13:9:13:19":0,"s:14:2:14:Infinity":2,"b:14:16:14:33:14:33:14:Infinity":0,"f:18:8:18:Infinity":1,"s:23:16:23:Infinity":3,"b:25:4:27:Infinity:undefined:undefined:undefined:undefined":1,"s:25:4:27:Infinity":4,"s:26:6:26:Infinity":5,"s:30:6:30:Infinity":6,"b:32:4:37:Infinity:undefined:undefined:undefined:undefined":2,"s:32:4:37:Infinity":7,"s:33:6:36:Infinity":8,"s:39:4:45:Infinity":9,"f:48:8:48:13":2,"s:49:17:49:Infinity":10,"b:49:17:49:31:49:31:49:Infinity":3,"s:50:18:50:Infinity":11,"b:50:18:50:33:50:33:50:Infinity":4,"s:52:34:55:Infinity":12,"s:57:4:65:Infinity":13,"f:68:8:68:16":3,"s:70:6:73:Infinity":14,"b:75:4:77:Infinity:undefined:undefined:undefined:undefined":5,"s:75:4:77:Infinity":15,"s:76:6:76:Infinity":16,"s:79:4:79:Infinity":17,"f:82:8:82:Infinity":4,"s:88:6:91:Infinity":18,"b:93:4:95:Infinity:undefined:undefined:undefined:undefined":6,"s:93:4:95:Infinity":19,"s:94:6:94:Infinity":20,"s:97:4:104:Infinity":21,"b:102:10:102:Infinity:103:10:103:Infinity":7,"f:107:8:107:15":5,"s:109:6:112:Infinity":22,"b:114:4:116:Infinity:undefined:undefined:undefined:undefined":8,"s:114:4:116:Infinity":23,"s:115:6:115:Infinity":24,"s:118:4:118:Infinity":25},"fnNames":{}}}
,"/home/mamorais/projects/career-tracker-api/src/services/auth.service.ts": {"path":"/home/mamorais/projects/career-tracker-api/src/services/auth.service.ts","statementMap":{"0":{"start":{"line":7,"column":23},"end":{"line":7,"column":null}},"1":{"start":{"line":11,"column":30},"end":{"line":11,"column":null}},"2":{"start":{"line":13,"column":4},"end":{"line":15,"column":null}},"3":{"start":{"line":14,"column":6},"end":{"line":14,"column":null}},"4":{"start":{"line":17,"column":27},"end":{"line":17,"column":null}},"5":{"start":{"line":19,"column":17},"end":{"line":23,"column":null}},"6":{"start":{"line":25,"column":4},"end":{"line":25,"column":null}},"7":{"start":{"line":29,"column":17},"end":{"line":29,"column":null}},"8":{"start":{"line":31,"column":4},"end":{"line":33,"column":null}},"9":{"start":{"line":32,"column":6},"end":{"line":32,"column":null}},"10":{"start":{"line":35,"column":28},"end":{"line":35,"column":null}},"11":{"start":{"line":37,"column":4},"end":{"line":39,"column":null}},"12":{"start":{"line":38,"column":6},"end":{"line":38,"column":null}},"13":{"start":{"line":41,"column":10},"end":{"line":44,"column":null}},"14":{"start":{"line":46,"column":4},"end":{"line":55,"column":null}}},"fnMap":{"0":{"name":"register","decl":{"start":{"line":10,"column":8},"end":{"line":10,"column":17}},"loc":{"start":{"line":10,"column":38},"end":{"line":26,"column":null}},"line":10},"1":{"name":"login","decl":{"start":{"line":28,"column":8},"end":{"line":28,"column":14}},"loc":{"start":{"line":28,"column":32},"end":{"line":56,"column":null}},"line":28}},"branchMap":{"0":{"loc":{"start":{"line":13,"column":4},"end":{"line":15,"column":null}},"type":"if","locations":[{"start":{"line":13,"column":4},"end":{"line":15,"column":null}},{"start":{},"end":{}}],"line":13},"1":{"loc":{"start":{"line":31,"column":4},"end":{"line":33,"column":null}},"type":"if","locations":[{"start":{"line":31,"column":4},"end":{"line":33,"column":null}},{"start":{},"end":{}}],"line":31},"2":{"loc":{"start":{"line":37,"column":4},"end":{"line":39,"column":null}},"type":"if","locations":[{"start":{"line":37,"column":4},"end":{"line":39,"column":null}},{"start":{},"end":{}}],"line":37}},"s":{"0":4,"1":17,"2":17,"3":1,"4":16,"5":16,"6":16,"7":14,"8":14,"9":0,"10":14,"11":14,"12":1,"13":13,"14":13},"f":{"0":17,"1":14},"b":{"0":[1,16],"1":[0,14],"2":[1,13]},"meta":{"lastBranch":3,"lastFunction":2,"lastStatement":15,"seen":{"s:7:23:7:Infinity":0,"f:10:8:10:17":0,"s:11:30:11:Infinity":1,"b:13:4:15:Infinity:undefined:undefined:undefined:undefined":0,"s:13:4:15:Infinity":2,"s:14:6:14:Infinity":3,"s:17:27:17:Infinity":4,"s:19:17:23:Infinity":5,"s:25:4:25:Infinity":6,"f:28:8:28:14":1,"s:29:17:29:Infinity":7,"b:31:4:33:Infinity:undefined:undefined:undefined:undefined":1,"s:31:4:33:Infinity":8,"s:32:6:32:Infinity":9,"s:35:28:35:Infinity":10,"b:37:4:39:Infinity:undefined:undefined:undefined:undefined":2,"s:37:4:39:Infinity":11,"s:38:6:38:Infinity":12,"s:41:10:44:Infinity":13,"s:46:4:55:Infinity":14},"fnNames":{}}}
,"/home/mamorais/projects/career-tracker-api/src/services/course-module.service.ts": {"path":"/home/mamorais/projects/career-tracker-api/src/services/course-module.service.ts","statementMap":{"0":{"start":{"line":10,"column":25},"end":{"line":10,"column":null}},"1":{"start":{"line":11,"column":31},"end":{"line":11,"column":null}},"2":{"start":{"line":14,"column":2},"end":{"line":16,"column":null}},"3":{"start":{"line":15,"column":4},"end":{"line":15,"column":null}},"4":{"start":{"line":18,"column":56},"end":{"line":22,"column":null}},"5":{"start":{"line":24,"column":2},"end":{"line":24,"column":null}},"6":{"start":{"line":29,"column":19},"end":{"line":29,"column":null}},"7":{"start":{"line":30,"column":4},"end":{"line":32,"column":null}},"8":{"start":{"line":31,"column":6},"end":{"line":31,"column":null}},"9":{"start":{"line":33,"column":4},"end":{"line":39,"column":null}},"10":{"start":{"line":43,"column":19},"end":{"line":43,"column":null}},"11":{"start":{"line":44,"column":4},"end":{"line":46,"column":null}},"12":{"start":{"line":45,"column":6},"end":{"line":45,"column":null}},"13":{"start":{"line":47,"column":4},"end":{"line":47,"column":null}},"14":{"start":{"line":51,"column":17},"end":{"line":54,"column":null}},"15":{"start":{"line":55,"column":2},"end":{"line":57,"column":null}},"16":{"start":{"line":56,"column":4},"end":{"line":56,"column":null}},"17":{"start":{"line":58,"column":2},"end":{"line":58,"column":null}},"18":{"start":{"line":63,"column":17},"end":{"line":66,"column":null}},"19":{"start":{"line":67,"column":2},"end":{"line":69,"column":null}},"20":{"start":{"line":68,"column":4},"end":{"line":68,"column":null}},"21":{"start":{"line":70,"column":2},"end":{"line":75,"column":null}},"22":{"start":{"line":79,"column":17},"end":{"line":82,"column":null}},"23":{"start":{"line":83,"column":2},"end":{"line":85,"column":null}},"24":{"start":{"line":84,"column":4},"end":{"line":84,"column":null}},"25":{"start":{"line":86,"column":2},"end":{"line":86,"column":null}}},"fnMap":{"0":{"name":"normalizeStatus","decl":{"start":{"line":13,"column":9},"end":{"line":13,"column":25}},"loc":{"start":{"line":13,"column":74},"end":{"line":25,"column":null}},"line":13},"1":{"name":"create","decl":{"start":{"line":28,"column":8},"end":{"line":28,"column":16}},"loc":{"start":{"line":28,"column":81},"end":{"line":40,"column":null}},"line":28},"2":{"name":"list","decl":{"start":{"line":42,"column":8},"end":{"line":42,"column":13}},"loc":{"start":{"line":42,"column":47},"end":{"line":48,"column":null}},"line":42},"3":{"name":"findOne","decl":{"start":{"line":50,"column":7},"end":{"line":50,"column":15}},"loc":{"start":{"line":50,"column":49},"end":{"line":59,"column":null}},"line":50},"4":{"name":"update","decl":{"start":{"line":61,"column":7},"end":{"line":61,"column":14}},"loc":{"start":{"line":62,"column":33},"end":{"line":76,"column":null}},"line":62},"5":{"name":"delete","decl":{"start":{"line":78,"column":7},"end":{"line":78,"column":14}},"loc":{"start":{"line":78,"column":48},"end":{"line":87,"column":null}},"line":78}},"branchMap":{"0":{"loc":{"start":{"line":14,"column":2},"end":{"line":16,"column":null}},"type":"if","locations":[{"start":{"line":14,"column":2},"end":{"line":16,"column":null}},{"start":{},"end":{}}],"line":14},"1":{"loc":{"start":{"line":30,"column":4},"end":{"line":32,"column":null}},"type":"if","locations":[{"start":{"line":30,"column":4},"end":{"line":32,"column":null}},{"start":{},"end":{}}],"line":30},"2":{"loc":{"start":{"line":44,"column":4},"end":{"line":46,"column":null}},"type":"if","locations":[{"start":{"line":44,"column":4},"end":{"line":46,"column":null}},{"start":{},"end":{}}],"line":44},"3":{"loc":{"start":{"line":55,"column":2},"end":{"line":57,"column":null}},"type":"if","locations":[{"start":{"line":55,"column":2},"end":{"line":57,"column":null}},{"start":{},"end":{}}],"line":55},"4":{"loc":{"start":{"line":67,"column":2},"end":{"line":69,"column":null}},"type":"if","locations":[{"start":{"line":67,"column":2},"end":{"line":69,"column":null}},{"start":{},"end":{}}],"line":67},"5":{"loc":{"start":{"line":83,"column":2},"end":{"line":85,"column":null}},"type":"if","locations":[{"start":{"line":83,"column":2},"end":{"line":85,"column":null}},{"start":{},"end":{}}],"line":83}},"s":{"0":4,"1":4,"2":2,"3":0,"4":2,"5":2,"6":1,"7":1,"8":0,"9":1,"10":1,"11":1,"12":0,"13":1,"14":1,"15":1,"16":1,"17":0,"18":1,"19":1,"20":0,"21":1,"22":1,"23":1,"24":0,"25":1},"f":{"0":2,"1":1,"2":1,"3":1,"4":1,"5":1},"b":{"0":[0,2],"1":[0,1],"2":[0,1],"3":[1,0],"4":[0,1],"5":[0,1]},"meta":{"lastBranch":6,"lastFunction":6,"lastStatement":26,"seen":{"s:10:25:10:Infinity":0,"s:11:31:11:Infinity":1,"f:13:9:13:25":0,"b:14:2:16:Infinity:undefined:undefined:undefined:undefined":0,"s:14:2:16:Infinity":2,"s:15:4:15:Infinity":3,"s:18:56:22:Infinity":4,"s:24:2:24:Infinity":5,"f:28:8:28:16":1,"s:29:19:29:Infinity":6,"b:30:4:32:Infinity:undefined:undefined:undefined:undefined":1,"s:30:4:32:Infinity":7,"s:31:6:31:Infinity":8,"s:33:4:39:Infinity":9,"f:42:8:42:13":2,"s:43:19:43:Infinity":10,"b:44:4:46:Infinity:undefined:undefined:undefined:undefined":2,"s:44:4:46:Infinity":11,"s:45:6:45:Infinity":12,"s:47:4:47:Infinity":13,"f:50:7:50:15":3,"s:51:17:54:Infinity":14,"b:55:2:57:Infinity:undefined:undefined:undefined:undefined":3,"s:55:2:57:Infinity":15,"s:56:4:56:Infinity":16,"s:58:2:58:Infinity":17,"f:61:7:61:14":4,"s:63:17:66:Infinity":18,"b:67:2:69:Infinity:undefined:undefined:undefined:undefined":4,"s:67:2:69:Infinity":19,"s:68:4:68:Infinity":20,"s:70:2:75:Infinity":21,"f:78:7:78:14":5,"s:79:17:82:Infinity":22,"b:83:2:85:Infinity:undefined:undefined:undefined:undefined":5,"s:83:2:85:Infinity":23,"s:84:4:84:Infinity":24,"s:86:2:86:Infinity":25},"fnNames":{}}}
[...]
,"/home/mamorais/projects/career-tracker-api/src/services/job.service.ts": {"path":"/home/mamorais/projects/career-tracker-api/src/services/job.service.ts","statementMap":{"0":{"start":{"line":16,"column":22},"end":{"line":16,"column":null}},"1":{"start":{"line":19,"column":2},"end":{"line":21,"column":null}},"2":{"start":{"line":20,"column":4},"end":{"line":20,"column":null}},"3":{"start":{"line":23,"column":47},"end":{"line":29,"column":null}},"4":{"start":{"line":31,"column":2},"end":{"line":31,"column":null}},"5":{"start":{"line":35,"column":2},"end":{"line":35,"column":null}},"6":{"start":{"line":40,"column":4},"end":{"line":51,"column":null}},"7":{"start":{"line":55,"column":17},"end":{"line":55,"column":null}},"8":{"start":{"line":56,"column":18},"end":{"line":56,"column":null}},"9":{"start":{"line":58,"column":20},"end":{"line":65,"column":null}},"10":{"start":{"line":67,"column":26},"end":{"line":70,"column":null}},"11":{"start":{"line":72,"column":4},"end":{"line":81,"column":null}},"12":{"start":{"line":85,"column":16},"end":{"line":85,"column":null}},"13":{"start":{"line":87,"column":4},"end":{"line":89,"column":null}},"14":{"start":{"line":88,"column":6},"end":{"line":88,"column":null}},"15":{"start":{"line":91,"column":4},"end":{"line":91,"column":null}},"16":{"start":{"line":95,"column":16},"end":{"line":95,"column":null}},"17":{"start":{"line":97,"column":4},"end":{"line":99,"column":null}},"18":{"start":{"line":98,"column":6},"end":{"line":98,"column":null}},"19":{"start":{"line":101,"column":4},"end":{"line":111,"column":null}},"20":{"start":{"line":115,"column":16},"end":{"line":115,"column":null}},"21":{"start":{"line":117,"column":4},"end":{"line":119,"column":null}},"22":{"start":{"line":118,"column":6},"end":{"line":118,"column":null}},"23":{"start":{"line":121,"column":4},"end":{"line":121,"column":null}}},"fnMap":{"0":{"name":"normalizeStatus","decl":{"start":{"line":18,"column":9},"end":{"line":18,"column":25}},"loc":{"start":{"line":18,"column":65},"end":{"line":32,"column":null}},"line":18},"1":{"name":"parseDate","decl":{"start":{"line":34,"column":9},"end":{"line":34,"column":19}},"loc":{"start":{"line":34,"column":52},"end":{"line":36,"column":null}},"line":34},"2":{"name":"create","decl":{"start":{"line":39,"column":8},"end":{"line":39,"column":15}},"loc":{"start":{"line":39,"column":53},"end":{"line":52,"column":null}},"line":39},"3":{"name":"list","decl":{"start":{"line":54,"column":8},"end":{"line":54,"column":13}},"loc":{"start":{"line":54,"column":51},"end":{"line":82,"column":null}},"line":54},"4":{"name":"findOne","decl":{"start":{"line":84,"column":8},"end":{"line":84,"column":16}},"loc":{"start":{"line":84,"column":47},"end":{"line":92,"column":null}},"line":84},"5":{"name":"update","decl":{"start":{"line":94,"column":8},"end":{"line":94,"column":15}},"loc":{"start":{"line":94,"column":68},"end":{"line":112,"column":null}},"line":94},"6":{"name":"delete","decl":{"start":{"line":114,"column":8},"end":{"line":114,"column":15}},"loc":{"start":{"line":114,"column":46},"end":{"line":122,"column":null}},"line":114}},"branchMap":{"0":{"loc":{"start":{"line":19,"column":2},"end":{"line":21,"column":null}},"type":"if","locations":[{"start":{"line":19,"column":2},"end":{"line":21,"column":null}},{"start":{},"end":{}}],"line":19},"1":{"loc":{"start":{"line":35,"column":9},"end":{"line":35,"column":null}},"type":"cond-expr","locations":[{"start":{"line":35,"column":16},"end":{"line":35,"column":33}},{"start":{"line":35,"column":33},"end":{"line":35,"column":null}}],"line":35},"2":{"loc":{"start":{"line":55,"column":17},"end":{"line":55,"column":null}},"type":"binary-expr","locations":[{"start":{"line":55,"column":17},"end":{"line":55,"column":31}},{"start":{"line":55,"column":31},"end":{"line":55,"column":null}}],"line":55},"3":{"loc":{"start":{"line":56,"column":18},"end":{"line":56,"column":null}},"type":"binary-expr","locations":[{"start":{"line":56,"column":18},"end":{"line":56,"column":33}},{"start":{"line":56,"column":33},"end":{"line":56,"column":null}}],"line":56},"4":{"loc":{"start":{"line":87,"column":4},"end":{"line":89,"column":null}},"type":"if","locations":[{"start":{"line":87,"column":4},"end":{"line":89,"column":null}},{"start":{},"end":{}}],"line":87},"5":{"loc":{"start":{"line":97,"column":4},"end":{"line":99,"column":null}},"type":"if","locations":[{"start":{"line":97,"column":4},"end":{"line":99,"column":null}},{"start":{},"end":{}}],"line":97},"6":{"loc":{"start":{"line":117,"column":4},"end":{"line":119,"column":null}},"type":"if","locations":[{"start":{"line":117,"column":4},"end":{"line":119,"column":null}},{"start":{},"end":{}}],"line":117}},"s":{"0":4,"1":9,"2":1,"3":8,"4":8,"5":8,"6":7,"7":1,"8":1,"9":1,"10":1,"11":1,"12":4,"13":4,"14":2,"15":2,"16":1,"17":1,"18":0,"19":1,"20":1,"21":1,"22":0,"23":1},"f":{"0":9,"1":8,"2":7,"3":1,"4":4,"5":1,"6":1},"b":{"0":[1,8],"1":[0,8],"2":[1,0],"3":[1,0],"4":[2,2],"5":[0,1],"6":[0,1]},"meta":{"lastBranch":7,"lastFunction":7,"lastStatement":24,"seen":{"s:16:22:16:Infinity":0,"f:18:9:18:25":0,"b:19:2:21:Infinity:undefined:undefined:undefined:undefined":0,"s:19:2:21:Infinity":1,"s:20:4:20:Infinity":2,"s:23:47:29:Infinity":3,"s:31:2:31:Infinity":4,"f:34:9:34:19":1,"s:35:2:35:Infinity":5,"b:35:16:35:33:35:33:35:Infinity":1,"f:39:8:39:15":2,"s:40:4:51:Infinity":6,"f:54:8:54:13":3,"s:55:17:55:Infinity":7,"b:55:17:55:31:55:31:55:Infinity":2,"s:56:18:56:Infinity":8,"b:56:18:56:33:56:33:56:Infinity":3,"s:58:20:65:Infinity":9,"s:67:26:70:Infinity":10,"s:72:4:81:Infinity":11,"f:84:8:84:16":4,"s:85:16:85:Infinity":12,"b:87:4:89:Infinity:undefined:undefined:undefined:undefined":4,"s:87:4:89:Infinity":13,"s:88:6:88:Infinity":14,"s:91:4:91:Infinity":15,"f:94:8:94:15":5,"s:95:16:95:Infinity":16,"b:97:4:99:Infinity:undefined:undefined:undefined:undefined":5,"s:97:4:99:Infinity":17,"s:98:6:98:Infinity":18,"s:101:4:111:Infinity":19,"f:114:8:114:15":6,"s:115:16:115:Infinity":20,"b:117:4:119:Infinity:undefined:undefined:undefined:undefined":6,"s:117:4:119:Infinity":21,"s:118:6:118:Infinity":22,"s:121:4:121:Infinity":23},"fnNames":{}}}
,"/home/mamorais/projects/career-tracker-api/src/utils/hash.ts": {"path":"/home/mamorais/projects/career-tracker-api/src/utils/hash.ts","statementMap":{"0":{"start":{"line":3,"column":20},"end":{"line":3,"column":null}},"1":{"start":{"line":6,"column":2},"end":{"line":6,"column":null}},"2":{"start":{"line":10,"column":2},"end":{"line":10,"column":null}}},"fnMap":{"0":{"name":"hashPassword","decl":{"start":{"line":5,"column":22},"end":{"line":5,"column":35}},"loc":{"start":{"line":5,"column":53},"end":{"line":7,"column":null}},"line":5},"1":{"name":"comparePassword","decl":{"start":{"line":9,"column":22},"end":{"line":9,"column":38}},"loc":{"start":{"line":9,"column":80},"end":{"line":11,"column":null}},"line":9}},"branchMap":{},"s":{"0":4,"1":16,"2":14},"f":{"0":16,"1":14},"b":{},"meta":{"lastBranch":0,"lastFunction":2,"lastStatement":3,"seen":{"s:3:20:3:Infinity":0,"f:5:22:5:35":0,"s:6:2:6:Infinity":1,"f:9:22:9:38":1,"s:10:2:10:Infinity":2},"fnNames":{}}}
,"/home/mamorais/projects/career-tracker-api/src/utils/jwt.ts": {"path":"/home/mamorais/projects/career-tracker-api/src/utils/jwt.ts","statementMap":{"0":{"start":{"line":10,"column":17},"end":{"line":10,"column":null}},"1":{"start":{"line":12,"column":2},"end":{"line":14,"column":null}},"2":{"start":{"line":13,"column":4},"end":{"line":13,"column":null}},"3":{"start":{"line":16,"column":2},"end":{"line":16,"column":null}},"4":{"start":{"line":20,"column":21},"end":{"line":21,"column":null}},"5":{"start":{"line":23,"column":2},"end":{"line":25,"column":null}},"6":{"start":{"line":29,"column":2},"end":{"line":48,"column":null}},"7":{"start":{"line":30,"column":20},"end":{"line":30,"column":null}},"8":{"start":{"line":32,"column":4},"end":{"line":34,"column":null}},"9":{"start":{"line":33,"column":6},"end":{"line":33,"column":null}},"10":{"start":{"line":36,"column":20},"end":{"line":36,"column":null}},"11":{"start":{"line":38,"column":4},"end":{"line":40,"column":null}},"12":{"start":{"line":39,"column":6},"end":{"line":39,"column":null}},"13":{"start":{"line":42,"column":4},"end":{"line":45,"column":null}},"14":{"start":{"line":47,"column":4},"end":{"line":47,"column":null}}},"fnMap":{"0":{"name":"getJwtSecret","decl":{"start":{"line":9,"column":9},"end":{"line":9,"column":24}},"loc":{"start":{"line":9,"column":24},"end":{"line":17,"column":null}},"line":9},"1":{"name":"signAccessToken","decl":{"start":{"line":19,"column":16},"end":{"line":19,"column":32}},"loc":{"start":{"line":19,"column":61},"end":{"line":26,"column":null}},"line":19},"2":{"name":"verifyAccessToken","decl":{"start":{"line":28,"column":16},"end":{"line":28,"column":34}},"loc":{"start":{"line":28,"column":69},"end":{"line":49,"column":null}},"line":28}},"branchMap":{"0":{"loc":{"start":{"line":12,"column":2},"end":{"line":14,"column":null}},"type":"if","locations":[{"start":{"line":12,"column":2},"end":{"line":14,"column":null}},{"start":{},"end":{}}],"line":12},"1":{"loc":{"start":{"line":20,"column":21},"end":{"line":21,"column":null}},"type":"binary-expr","locations":[{"start":{"line":20,"column":21},"end":{"line":20,"column":null}},{"start":{"line":21,"column":4},"end":{"line":21,"column":null}}],"line":20},"2":{"loc":{"start":{"line":32,"column":4},"end":{"line":34,"column":null}},"type":"if","locations":[{"start":{"line":32,"column":4},"end":{"line":34,"column":null}},{"start":{},"end":{}}],"line":32},"3":{"loc":{"start":{"line":38,"column":4},"end":{"line":40,"column":null}},"type":"if","locations":[{"start":{"line":38,"column":4},"end":{"line":40,"column":null}},{"start":{},"end":{}}],"line":38},"4":{"loc":{"start":{"line":38,"column":8},"end":{"line":38,"column":59}},"type":"binary-expr","locations":[{"start":{"line":38,"column":8},"end":{"line":38,"column":24}},{"start":{"line":38,"column":24},"end":{"line":38,"column":59}}],"line":38}},"s":{"0":45,"1":45,"2":0,"3":45,"4":13,"5":13,"6":32,"7":32,"8":32,"9":0,"10":32,"11":32,"12":0,"13":32,"14":0},"f":{"0":45,"1":13,"2":32},"b":{"0":[0,45],"1":[13,0],"2":[0,32],"3":[0,32],"4":[32,32]},"meta":{"lastBranch":5,"lastFunction":3,"lastStatement":15,"seen":{"f:9:9:9:24":0,"s:10:17:10:Infinity":0,"b:12:2:14:Infinity:undefined:undefined:undefined:undefined":0,"s:12:2:14:Infinity":1,"s:13:4:13:Infinity":2,"s:16:2:16:Infinity":3,"f:19:16:19:32":1,"s:20:21:21:Infinity":4,"b:20:21:20:Infinity:21:4:21:Infinity":1,"s:23:2:25:Infinity":5,"f:28:16:28:34":2,"s:29:2:48:Infinity":6,"s:30:20:30:Infinity":7,"b:32:4:34:Infinity:undefined:undefined:undefined:undefined":2,"s:32:4:34:Infinity":8,"s:33:6:33:Infinity":9,"s:36:20:36:Infinity":10,"b:38:4:40:Infinity:undefined:undefined:undefined:undefined":3,"s:38:4:40:Infinity":11,"b:38:8:38:24:38:24:38:59":4,"s:39:6:39:Infinity":12,"s:42:4:45:Infinity":13,"s:47:4:47:Infinity":14},"fnNames":{}}}
,"/home/mamorais/projects/career-tracker-api/src/validations/application.schema.ts": {"path":"/home/mamorais/projects/career-tracker-api/src/validations/application.schema.ts","statementMap":{"0":{"start":{"line":3,"column":39},"end":{"line":11,"column":null}},"1":{"start":{"line":13,"column":39},"end":{"line":17,"column":null}},"2":{"start":{"line":15,"column":20},"end":{"line":15,"column":50}},"3":{"start":{"line":19,"column":43},"end":{"line":22,"column":null}}},"fnMap":{"0":{"name":"(anonymous_0)","decl":{"start":{"line":15,"column":3},"end":{"line":15,"column":11}},"loc":{"start":{"line":15,"column":20},"end":{"line":15,"column":50}},"line":15}},"branchMap":{},"s":{"0":4,"1":4,"2":1,"3":4},"f":{"0":1},"b":{},"meta":{"lastBranch":0,"lastFunction":1,"lastStatement":4,"seen":{"s:3:39:11:Infinity":0,"s:13:39:17:Infinity":1,"f:15:3:15:11":0,"s:15:20:15:50":2,"s:19:43:22:Infinity":3},"fnNames":{}}}
,"/home/mamorais/projects/career-tracker-api/src/validations/auth.schema.ts": {"path":"/home/mamorais/projects/career-tracker-api/src/validations/auth.schema.ts","statementMap":{"0":{"start":{"line":3,"column":30},"end":{"line":7,"column":null}},"1":{"start":{"line":9,"column":27},"end":{"line":12,"column":null}}},"fnMap":{},"branchMap":{},"s":{"0":4,"1":4},"f":{},"b":{},"meta":{"lastBranch":0,"lastFunction":0,"lastStatement":2,"seen":{"s:3:30:7:Infinity":0,"s:9:27:12:Infinity":1},"fnNames":{}}}
,"/home/mamorais/projects/career-tracker-api/src/validations/course-module.schema.ts": {"path":"/home/mamorais/projects/career-tracker-api/src/validations/course-module.schema.ts","statementMap":{"0":{"start":{"line":3,"column":40},"end":{"line":3,"column":null}},"1":{"start":{"line":5,"column":40},"end":{"line":10,"column":null}},"2":{"start":{"line":14,"column":40},"end":{"line":16,"column":null}},"3":{"start":{"line":16,"column":20},"end":{"line":16,"column":50}}},"fnMap":{"0":{"name":"(anonymous_0)","decl":{"start":{"line":16,"column":3},"end":{"line":16,"column":11}},"loc":{"start":{"line":16,"column":20},"end":{"line":16,"column":50}},"line":16}},"branchMap":{},"s":{"0":4,"1":4,"2":4,"3":1},"f":{"0":1},"b":{},"meta":{"lastBranch":0,"lastFunction":1,"lastStatement":4,"seen":{"s:3:40:3:Infinity":0,"s:5:40:10:Infinity":1,"s:14:40:16:Infinity":2,"f:16:3:16:11":0,"s:16:20:16:50":3},"fnNames":{}}}
,"/home/mamorais/projects/career-tracker-api/src/validations/course.schema.ts": {"path":"/home/mamorais/projects/career-tracker-api/src/validations/course.schema.ts","statementMap":{"0":{"start":{"line":3,"column":34},"end":{"line":5,"column":null}},"1":{"start":{"line":7,"column":34},"end":{"line":15,"column":null}},"2":{"start":{"line":17,"column":34},"end":{"line":17,"column":null}},"3":{"start":{"line":19,"column":38},"end":{"line":23,"column":null}}},"fnMap":{},"branchMap":{},"s":{"0":4,"1":4,"2":4,"3":4},"f":{},"b":{},"meta":{"lastBranch":0,"lastFunction":0,"lastStatement":4,"seen":{"s:3:34:5:Infinity":0,"s:7:34:15:Infinity":1,"s:17:34:17:Infinity":2,"s:19:38:23:Infinity":3},"fnNames":{}}}
,"/home/mamorais/projects/career-tracker-api/src/validations/job.schema.ts": {"path":"/home/mamorais/projects/career-tracker-api/src/validations/job.schema.ts","statementMap":{"0":{"start":{"line":3,"column":31},"end":{"line":9,"column":null}},"1":{"start":{"line":11,"column":31},"end":{"line":35,"column":null}},"2":{"start":{"line":37,"column":31},"end":{"line":41,"column":null}},"3":{"start":{"line":39,"column":20},"end":{"line":39,"column":50}},"4":{"start":{"line":43,"column":26},"end":{"line":45,"column":null}},"5":{"start":{"line":45,"column":24},"end":{"line":45,"column":40}},"6":{"start":{"line":47,"column":35},"end":{"line":56,"column":null}}},"fnMap":{"0":{"name":"(anonymous_0)","decl":{"start":{"line":39,"column":3},"end":{"line":39,"column":11}},"loc":{"start":{"line":39,"column":20},"end":{"line":39,"column":50}},"line":39},"1":{"name":"(anonymous_1)","decl":{"start":{"line":45,"column":3},"end":{"line":45,"column":14}},"loc":{"start":{"line":45,"column":24},"end":{"line":45,"column":40}},"line":45}},"branchMap":{},"s":{"0":4,"1":4,"2":4,"3":1,"4":4,"5":1,"6":4},"f":{"0":1,"1":1},"b":{},"meta":{"lastBranch":0,"lastFunction":2,"lastStatement":7,"seen":{"s:3:31:9:Infinity":0,"s:11:31:35:Infinity":1,"s:37:31:41:Infinity":2,"f:39:3:39:11":0,"s:39:20:39:50":3,"s:43:26:45:Infinity":4,"f:45:3:45:14":1,"s:45:24:45:40":5,"s:47:35:56:Infinity":6},"fnNames":{}}}
,"/home/mamorais/projects/career-tracker-api/tests/helpers/auth.ts": {"path":"/home/mamorais/projects/career-tracker-api/tests/helpers/auth.ts","statementMap":{"0":{"start":{"line":13,"column":15},"end":{"line":17,"column":null}},"1":{"start":{"line":19,"column":27},"end":{"line":21,"column":null}},"2":{"start":{"line":23,"column":2},"end":{"line":29,"column":null}},"3":{"start":{"line":24,"column":4},"end":{"line":28,"column":null}},"4":{"start":{"line":31,"column":24},"end":{"line":36,"column":null}},"5":{"start":{"line":38,"column":2},"end":{"line":42,"column":null}},"6":{"start":{"line":39,"column":4},"end":{"line":41,"column":null}},"7":{"start":{"line":44,"column":2},"end":{"line":48,"column":null}}},"fnMap":{"0":{"name":"createAuthenticatedUser","decl":{"start":{"line":10,"column":22},"end":{"line":10,"column":null}},"loc":{"start":{"line":12,"column":2},"end":{"line":49,"column":null}},"line":12}},"branchMap":{"0":{"loc":{"start":{"line":11,"column":2},"end":{"line":11,"column":null}},"type":"default-arg","locations":[{"start":{"line":11,"column":29},"end":{"line":11,"column":null}}],"line":11},"1":{"loc":{"start":{"line":14,"column":10},"end":{"line":14,"column":null}},"type":"binary-expr","locations":[{"start":{"line":14,"column":10},"end":{"line":14,"column":26}},{"start":{"line":14,"column":26},"end":{"line":14,"column":null}}],"line":14},"2":{"loc":{"start":{"line":15,"column":11},"end":{"line":15,"column":null}},"type":"binary-expr","locations":[{"start":{"line":15,"column":11},"end":{"line":15,"column":28}},{"start":{"line":15,"column":28},"end":{"line":15,"column":null}}],"line":15},"3":{"loc":{"start":{"line":16,"column":14},"end":{"line":16,"column":null}},"type":"binary-expr","locations":[{"start":{"line":16,"column":14},"end":{"line":16,"column":34}},{"start":{"line":16,"column":34},"end":{"line":16,"column":null}}],"line":16},"4":{"loc":{"start":{"line":23,"column":2},"end":{"line":29,"column":null}},"type":"if","locations":[{"start":{"line":23,"column":2},"end":{"line":29,"column":null}},{"start":{},"end":{}}],"line":23},"5":{"loc":{"start":{"line":38,"column":2},"end":{"line":42,"column":null}},"type":"if","locations":[{"start":{"line":38,"column":2},"end":{"line":42,"column":null}},{"start":{},"end":{}}],"line":38}},"s":{"0":11,"1":11,"2":11,"3":0,"4":11,"5":11,"6":0,"7":11},"f":{"0":11},"b":{"0":[11],"1":[11,11],"2":[11,7],"3":[11,11],"4":[0,11],"5":[0,11]},"meta":{"lastBranch":6,"lastFunction":1,"lastStatement":8,"seen":{"f:10:22:10:Infinity":0,"b:11:29:11:Infinity":0,"s:13:15:17:Infinity":0,"b:14:10:14:26:14:26:14:Infinity":1,"b:15:11:15:28:15:28:15:Infinity":2,"b:16:14:16:34:16:34:16:Infinity":3,"s:19:27:21:Infinity":1,"b:23:2:29:Infinity:undefined:undefined:undefined:undefined":4,"s:23:2:29:Infinity":2,"s:24:4:28:Infinity":3,"s:31:24:36:Infinity":4,"b:38:2:42:Infinity:undefined:undefined:undefined:undefined":5,"s:38:2:42:Infinity":5,"s:39:4:41:Infinity":6,"s:44:2:48:Infinity":7},"fnNames":{}}}
}
